2024-10-19 23:28:28.482907+00:00 [notice] <0.230.0> Logging: configured log handlers are now ACTIVE
2024-10-19 23:28:28.591932+00:00 [info] <0.230.0> ra: starting system quorum_queues
2024-10-19 23:28:28.592019+00:00 [info] <0.230.0> starting Ra system: quorum_queues in directory: /var/lib/rabbitmq/mnesia/rabbit@abb0d076b991/quorum/rabbit@abb0d076b991
2024-10-19 23:28:28.625517+00:00 [info] <0.262.0> ra system 'quorum_queues' running pre init for 0 registered servers
2024-10-19 23:28:28.630883+00:00 [info] <0.263.0> ra: meta data store initialised for system quorum_queues. 0 record(s) recovered
2024-10-19 23:28:28.636840+00:00 [notice] <0.268.0> WAL: ra_log_wal init, open tbls: ra_log_open_mem_tables, closed tbls: ra_log_closed_mem_tables
2024-10-19 23:28:28.639880+00:00 [info] <0.230.0> ra: starting system coordination
2024-10-19 23:28:28.639917+00:00 [info] <0.230.0> starting Ra system: coordination in directory: /var/lib/rabbitmq/mnesia/rabbit@abb0d076b991/coordination/rabbit@abb0d076b991
2024-10-19 23:28:28.641632+00:00 [info] <0.275.0> ra system 'coordination' running pre init for 0 registered servers
2024-10-19 23:28:28.642538+00:00 [info] <0.276.0> ra: meta data store initialised for system coordination. 0 record(s) recovered
2024-10-19 23:28:28.642747+00:00 [notice] <0.281.0> WAL: ra_coordination_log_wal init, open tbls: ra_coordination_log_open_mem_tables, closed tbls: ra_coordination_log_closed_mem_tables
2024-10-19 23:28:28.645066+00:00 [info] <0.230.0> 
2024-10-19 23:28:28.645066+00:00 [info] <0.230.0>  Starting RabbitMQ 3.12.12 on Erlang 25.3.2.8 [jit]
2024-10-19 23:28:28.645066+00:00 [info] <0.230.0>  Copyright (c) 2007-2023 Broadcom Inc and/or its subsidiaries
2024-10-19 23:28:28.645066+00:00 [info] <0.230.0>  Licensed under the MPL 2.0. Website: https://rabbitmq.com
2024-10-19 23:28:28.645541+00:00 [info] <0.230.0> 
2024-10-19 23:28:28.645541+00:00 [info] <0.230.0>  node           : rabbit@abb0d076b991
2024-10-19 23:28:28.645541+00:00 [info] <0.230.0>  home dir       : /var/lib/rabbitmq
2024-10-19 23:28:28.645541+00:00 [info] <0.230.0>  config file(s) : (none)
2024-10-19 23:28:28.645541+00:00 [info] <0.230.0>  cookie hash    : wT94PbAq/az5OHec4QxVag==
2024-10-19 23:28:28.645541+00:00 [info] <0.230.0>  log(s)         : /var/log/rabbitmq/rabbit@abb0d076b991.log
2024-10-19 23:28:28.645541+00:00 [info] <0.230.0>                 : <stdout>
2024-10-19 23:28:28.645541+00:00 [info] <0.230.0>  data dir       : /var/lib/rabbitmq/mnesia/rabbit@abb0d076b991
2024-10-19 23:28:29.785916+00:00 [info] <0.230.0> Running boot step pre_boot defined by app rabbit
2024-10-19 23:28:29.785995+00:00 [info] <0.230.0> Running boot step rabbit_global_counters defined by app rabbit
2024-10-19 23:28:29.786157+00:00 [info] <0.230.0> Running boot step rabbit_osiris_metrics defined by app rabbit
2024-10-19 23:28:29.786220+00:00 [info] <0.230.0> Running boot step rabbit_core_metrics defined by app rabbit
2024-10-19 23:28:29.786890+00:00 [info] <0.230.0> Running boot step rabbit_alarm defined by app rabbit
2024-10-19 23:28:29.788792+00:00 [info] <0.299.0> Memory high watermark set to 3135 MiB (3287814963 bytes) of 7838 MiB (8219537408 bytes) total
2024-10-19 23:28:29.790593+00:00 [info] <0.301.0> Enabling free disk space monitoring (disk free space: 332802129920, total memory: 8219537408)
2024-10-19 23:28:29.790629+00:00 [info] <0.301.0> Disk free limit set to 50MB
2024-10-19 23:28:29.791662+00:00 [info] <0.230.0> Running boot step code_server_cache defined by app rabbit
2024-10-19 23:28:29.791765+00:00 [info] <0.230.0> Running boot step file_handle_cache defined by app rabbit
2024-10-19 23:28:29.791847+00:00 [info] <0.304.0> Limiting to approx 1048479 file handles (943629 sockets)
2024-10-19 23:28:29.791890+00:00 [info] <0.305.0> FHC read buffering: OFF
2024-10-19 23:28:29.791904+00:00 [info] <0.305.0> FHC write buffering: ON
2024-10-19 23:28:29.792102+00:00 [info] <0.230.0> Running boot step worker_pool defined by app rabbit
2024-10-19 23:28:29.792123+00:00 [info] <0.283.0> Will use 10 processes for default worker pool
2024-10-19 23:28:29.792139+00:00 [info] <0.283.0> Starting worker pool 'worker_pool' with 10 processes in it
2024-10-19 23:28:29.792391+00:00 [info] <0.230.0> Running boot step database defined by app rabbit
2024-10-19 23:28:29.793048+00:00 [info] <0.230.0> Node database directory at /var/lib/rabbitmq/mnesia/rabbit@abb0d076b991 is empty. Assuming we need to join an existing cluster or initialise from scratch...
2024-10-19 23:28:29.793096+00:00 [info] <0.230.0> Configured peer discovery backend: rabbit_peer_discovery_classic_config
2024-10-19 23:28:29.793124+00:00 [info] <0.230.0> Will try to lock with peer discovery backend rabbit_peer_discovery_classic_config
2024-10-19 23:28:29.793161+00:00 [info] <0.230.0> All discovered existing cluster peers:
2024-10-19 23:28:29.793171+00:00 [info] <0.230.0> Discovered no peer nodes to cluster with. Some discovery backends can filter nodes out based on a readiness criteria. Enabling debug logging might help troubleshoot.
2024-10-19 23:28:29.794500+00:00 [notice] <0.44.0> Application mnesia exited with reason: stopped
2024-10-19 23:28:29.836722+00:00 [info] <0.230.0> Waiting for Mnesia tables for 30000 ms, 9 retries left
2024-10-19 23:28:29.836823+00:00 [info] <0.230.0> Successfully synced tables from a peer
2024-10-19 23:28:29.836972+00:00 [notice] <0.284.0> Feature flags: attempt to enable `stream_sac_coordinator_unblock_group`...
2024-10-19 23:28:29.853825+00:00 [notice] <0.284.0> Feature flags: `stream_sac_coordinator_unblock_group` enabled
2024-10-19 23:28:29.853916+00:00 [notice] <0.284.0> Feature flags: attempt to enable `restart_streams`...
2024-10-19 23:28:29.869645+00:00 [notice] <0.284.0> Feature flags: `restart_streams` enabled
2024-10-19 23:28:29.869878+00:00 [info] <0.230.0> Waiting for Mnesia tables for 30000 ms, 9 retries left
2024-10-19 23:28:29.869935+00:00 [info] <0.230.0> Successfully synced tables from a peer
2024-10-19 23:28:29.872122+00:00 [info] <0.230.0> Waiting for Mnesia tables for 30000 ms, 9 retries left
2024-10-19 23:28:29.872204+00:00 [info] <0.230.0> Successfully synced tables from a peer
2024-10-19 23:28:29.872225+00:00 [info] <0.230.0> Peer discovery backend rabbit_peer_discovery_classic_config does not support registration, skipping registration.
2024-10-19 23:28:29.872297+00:00 [info] <0.230.0> Will try to unlock with peer discovery backend rabbit_peer_discovery_classic_config
2024-10-19 23:28:29.872445+00:00 [info] <0.230.0> Running boot step tracking_metadata_store defined by app rabbit
2024-10-19 23:28:29.872484+00:00 [info] <0.488.0> Setting up a table for connection tracking on this node: tracked_connection
2024-10-19 23:28:29.872510+00:00 [info] <0.488.0> Setting up a table for per-vhost connection counting on this node: tracked_connection_per_vhost
2024-10-19 23:28:29.872550+00:00 [info] <0.488.0> Setting up a table for per-user connection counting on this node: tracked_connection_per_user
2024-10-19 23:28:29.872599+00:00 [info] <0.488.0> Setting up a table for channel tracking on this node: tracked_channel
2024-10-19 23:28:29.872624+00:00 [info] <0.488.0> Setting up a table for channel tracking on this node: tracked_channel_per_user
2024-10-19 23:28:29.872661+00:00 [info] <0.230.0> Running boot step networking_metadata_store defined by app rabbit
2024-10-19 23:28:29.872692+00:00 [info] <0.230.0> Running boot step feature_flags defined by app rabbit
2024-10-19 23:28:29.872742+00:00 [info] <0.230.0> Running boot step codec_correctness_check defined by app rabbit
2024-10-19 23:28:29.872812+00:00 [info] <0.230.0> Running boot step external_infrastructure defined by app rabbit
2024-10-19 23:28:29.872869+00:00 [info] <0.230.0> Running boot step rabbit_event defined by app rabbit
2024-10-19 23:28:29.872952+00:00 [info] <0.230.0> Running boot step rabbit_registry defined by app rabbit
2024-10-19 23:28:29.873024+00:00 [info] <0.230.0> Running boot step rabbit_auth_mechanism_amqplain defined by app rabbit
2024-10-19 23:28:29.873072+00:00 [info] <0.230.0> Running boot step rabbit_auth_mechanism_cr_demo defined by app rabbit
2024-10-19 23:28:29.873097+00:00 [info] <0.230.0> Running boot step rabbit_auth_mechanism_plain defined by app rabbit
2024-10-19 23:28:29.873120+00:00 [info] <0.230.0> Running boot step rabbit_exchange_type_direct defined by app rabbit
2024-10-19 23:28:29.873152+00:00 [info] <0.230.0> Running boot step rabbit_exchange_type_fanout defined by app rabbit
2024-10-19 23:28:29.873174+00:00 [info] <0.230.0> Running boot step rabbit_exchange_type_headers defined by app rabbit
2024-10-19 23:28:29.873195+00:00 [info] <0.230.0> Running boot step rabbit_exchange_type_topic defined by app rabbit
2024-10-19 23:28:29.873226+00:00 [info] <0.230.0> Running boot step rabbit_mirror_queue_mode_all defined by app rabbit
2024-10-19 23:28:29.873264+00:00 [info] <0.230.0> Running boot step rabbit_mirror_queue_mode_exactly defined by app rabbit
2024-10-19 23:28:29.873293+00:00 [info] <0.230.0> Running boot step rabbit_mirror_queue_mode_nodes defined by app rabbit
2024-10-19 23:28:29.873320+00:00 [info] <0.230.0> Running boot step rabbit_priority_queue defined by app rabbit
2024-10-19 23:28:29.873344+00:00 [info] <0.230.0> Priority queues enabled, real BQ is rabbit_variable_queue
2024-10-19 23:28:29.873372+00:00 [info] <0.230.0> Running boot step rabbit_queue_location_client_local defined by app rabbit
2024-10-19 23:28:29.873391+00:00 [info] <0.230.0> Running boot step rabbit_queue_location_min_masters defined by app rabbit
2024-10-19 23:28:29.873407+00:00 [info] <0.230.0> Running boot step rabbit_queue_location_random defined by app rabbit
2024-10-19 23:28:29.873422+00:00 [info] <0.230.0> Running boot step kernel_ready defined by app rabbit
2024-10-19 23:28:29.873431+00:00 [info] <0.230.0> Running boot step rabbit_sysmon_minder defined by app rabbit
2024-10-19 23:28:29.873479+00:00 [info] <0.230.0> Running boot step rabbit_epmd_monitor defined by app rabbit
2024-10-19 23:28:29.874007+00:00 [info] <0.496.0> epmd monitor knows us, inter-node communication (distribution) port: 25672
2024-10-19 23:28:29.874106+00:00 [info] <0.230.0> Running boot step guid_generator defined by app rabbit
2024-10-19 23:28:29.875098+00:00 [info] <0.230.0> Running boot step rabbit_node_monitor defined by app rabbit
2024-10-19 23:28:29.875214+00:00 [info] <0.500.0> Starting rabbit_node_monitor (in ignore mode)
2024-10-19 23:28:29.875276+00:00 [info] <0.230.0> Running boot step delegate_sup defined by app rabbit
2024-10-19 23:28:29.875675+00:00 [info] <0.230.0> Running boot step rabbit_memory_monitor defined by app rabbit
2024-10-19 23:28:29.875874+00:00 [info] <0.230.0> Running boot step rabbit_fifo_dlx_sup defined by app rabbit
2024-10-19 23:28:29.876045+00:00 [info] <0.230.0> Running boot step core_initialized defined by app rabbit
2024-10-19 23:28:29.876073+00:00 [info] <0.230.0> Running boot step rabbit_channel_tracking_handler defined by app rabbit
2024-10-19 23:28:29.876170+00:00 [info] <0.230.0> Running boot step rabbit_connection_tracking_handler defined by app rabbit
2024-10-19 23:28:29.876232+00:00 [info] <0.230.0> Running boot step rabbit_definitions_hashing defined by app rabbit
2024-10-19 23:28:29.876343+00:00 [info] <0.230.0> Running boot step rabbit_exchange_parameters defined by app rabbit
2024-10-19 23:28:29.876614+00:00 [info] <0.230.0> Running boot step rabbit_mirror_queue_misc defined by app rabbit
2024-10-19 23:28:29.876773+00:00 [info] <0.230.0> Running boot step rabbit_policies defined by app rabbit
2024-10-19 23:28:29.876971+00:00 [info] <0.230.0> Running boot step rabbit_policy defined by app rabbit
2024-10-19 23:28:29.877010+00:00 [info] <0.230.0> Running boot step rabbit_queue_location_validator defined by app rabbit
2024-10-19 23:28:29.877111+00:00 [info] <0.230.0> Running boot step rabbit_quorum_memory_manager defined by app rabbit
2024-10-19 23:28:29.877149+00:00 [info] <0.230.0> Running boot step rabbit_stream_coordinator defined by app rabbit
2024-10-19 23:28:29.877319+00:00 [info] <0.230.0> Running boot step rabbit_vhost_limit defined by app rabbit
2024-10-19 23:28:29.877383+00:00 [info] <0.230.0> Running boot step recovery defined by app rabbit
2024-10-19 23:28:29.877966+00:00 [info] <0.230.0> Running boot step empty_db_check defined by app rabbit
2024-10-19 23:28:29.878001+00:00 [info] <0.230.0> Will seed default virtual host and user...
2024-10-19 23:28:29.878074+00:00 [info] <0.230.0> Adding vhost '/' (description: 'Default virtual host', tags: [])
2024-10-19 23:28:29.878547+00:00 [info] <0.230.0> Inserted a virtual host record {vhost,<<"/">>,[],
2024-10-19 23:28:29.878547+00:00 [info] <0.230.0>                                       #{description =>
2024-10-19 23:28:29.878547+00:00 [info] <0.230.0>                                             <<"Default virtual host">>,
2024-10-19 23:28:29.878547+00:00 [info] <0.230.0>                                         tags => []}}
2024-10-19 23:28:29.880220+00:00 [info] <0.541.0> Making sure data directory '/var/lib/rabbitmq/mnesia/rabbit@abb0d076b991/msg_stores/vhosts/628WB79CIFDYO9LJI6DKMI09L' for vhost '/' exists
2024-10-19 23:28:29.881398+00:00 [info] <0.541.0> Setting segment_entry_count for vhost '/' with 0 queues to '2048'
2024-10-19 23:28:29.882840+00:00 [info] <0.541.0> Starting message stores for vhost '/'
2024-10-19 23:28:29.882957+00:00 [info] <0.551.0> Message store "628WB79CIFDYO9LJI6DKMI09L/msg_store_transient": using rabbit_msg_store_ets_index to provide index
2024-10-19 23:28:29.884859+00:00 [info] <0.541.0> Started message store of type transient for vhost '/'
2024-10-19 23:28:29.884952+00:00 [info] <0.555.0> Message store "628WB79CIFDYO9LJI6DKMI09L/msg_store_persistent": using rabbit_msg_store_ets_index to provide index
2024-10-19 23:28:29.885894+00:00 [warning] <0.555.0> Message store "628WB79CIFDYO9LJI6DKMI09L/msg_store_persistent": rebuilding indices from scratch
2024-10-19 23:28:29.886856+00:00 [info] <0.541.0> Started message store of type persistent for vhost '/'
2024-10-19 23:28:29.886978+00:00 [info] <0.541.0> Recovering 0 queues of type rabbit_classic_queue took 5ms
2024-10-19 23:28:29.887009+00:00 [info] <0.541.0> Recovering 0 queues of type rabbit_quorum_queue took 0ms
2024-10-19 23:28:29.887096+00:00 [info] <0.541.0> Recovering 0 queues of type rabbit_stream_queue took 0ms
2024-10-19 23:28:29.888810+00:00 [info] <0.230.0> Created user 'guest'
2024-10-19 23:28:29.889251+00:00 [info] <0.230.0> Successfully set user tags for user 'guest' to [administrator]
2024-10-19 23:28:29.889739+00:00 [info] <0.230.0> Successfully set permissions for user 'guest' in virtual host '/' to '.*', '.*', '.*'
2024-10-19 23:28:29.889790+00:00 [info] <0.230.0> Running boot step rabbit_observer_cli defined by app rabbit
2024-10-19 23:28:29.889853+00:00 [info] <0.230.0> Running boot step rabbit_looking_glass defined by app rabbit
2024-10-19 23:28:29.889868+00:00 [info] <0.230.0> Running boot step rabbit_core_metrics_gc defined by app rabbit
2024-10-19 23:28:29.890003+00:00 [info] <0.230.0> Running boot step background_gc defined by app rabbit
2024-10-19 23:28:29.890087+00:00 [info] <0.230.0> Running boot step routing_ready defined by app rabbit
2024-10-19 23:28:29.890101+00:00 [info] <0.230.0> Running boot step pre_flight defined by app rabbit
2024-10-19 23:28:29.890155+00:00 [info] <0.230.0> Running boot step notify_cluster defined by app rabbit
2024-10-19 23:28:29.890193+00:00 [info] <0.230.0> Running boot step networking defined by app rabbit
2024-10-19 23:28:29.890220+00:00 [info] <0.230.0> Running boot step definition_import_worker_pool defined by app rabbit
2024-10-19 23:28:29.890267+00:00 [info] <0.283.0> Starting worker pool 'definition_import_pool' with 10 processes in it
2024-10-19 23:28:29.890824+00:00 [info] <0.230.0> Running boot step cluster_name defined by app rabbit
2024-10-19 23:28:29.890867+00:00 [info] <0.230.0> Initialising internal cluster ID to 'rabbitmq-cluster-id-dh_zhM4XLgSiyuLmnxyOvA'
2024-10-19 23:28:29.891223+00:00 [info] <0.230.0> Running boot step direct_client defined by app rabbit
2024-10-19 23:28:29.891281+00:00 [info] <0.230.0> Running boot step rabbit_maintenance_mode_state defined by app rabbit
2024-10-19 23:28:29.891304+00:00 [info] <0.230.0> Creating table rabbit_node_maintenance_states for maintenance mode status
2024-10-19 23:28:29.893172+00:00 [info] <0.601.0> Resetting node maintenance status
2024-10-19 23:28:29.893243+00:00 [info] <0.601.0> Ready to start client connection listeners
2024-10-19 23:28:29.894408+00:00 [info] <0.619.0> started TCP listener on [::]:5672
2024-10-19 23:28:29.922503+00:00 [info] <0.601.0> Server startup complete; 0 plugins started.
2024-10-19 23:28:30.094641+00:00 [info] <0.9.0> Time to start RabbitMQ: 3168435 us
2024-10-19 23:28:56.743529+00:00 [notice] <0.230.0> Logging: configured log handlers are now ACTIVE
2024-10-19 23:28:56.906080+00:00 [info] <0.230.0> ra: starting system quorum_queues
2024-10-19 23:28:56.906139+00:00 [info] <0.230.0> starting Ra system: quorum_queues in directory: /var/lib/rabbitmq/mnesia/rabbit@abb0d076b991/quorum/rabbit@abb0d076b991
2024-10-19 23:28:56.922408+00:00 [info] <0.348.0> ra system 'quorum_queues' running pre init for 0 registered servers
2024-10-19 23:28:56.929748+00:00 [info] <0.349.0> ra: meta data store initialised for system quorum_queues. 0 record(s) recovered
2024-10-19 23:28:56.935474+00:00 [notice] <0.354.0> WAL: ra_log_wal init, open tbls: ra_log_open_mem_tables, closed tbls: ra_log_closed_mem_tables
2024-10-19 23:28:56.942095+00:00 [info] <0.230.0> ra: starting system coordination
2024-10-19 23:28:56.942171+00:00 [info] <0.230.0> starting Ra system: coordination in directory: /var/lib/rabbitmq/mnesia/rabbit@abb0d076b991/coordination/rabbit@abb0d076b991
2024-10-19 23:28:56.943336+00:00 [info] <0.361.0> ra system 'coordination' running pre init for 0 registered servers
2024-10-19 23:28:56.944325+00:00 [info] <0.362.0> ra: meta data store initialised for system coordination. 0 record(s) recovered
2024-10-19 23:28:56.944483+00:00 [notice] <0.367.0> WAL: ra_coordination_log_wal init, open tbls: ra_coordination_log_open_mem_tables, closed tbls: ra_coordination_log_closed_mem_tables
2024-10-19 23:28:56.947555+00:00 [info] <0.230.0> 
2024-10-19 23:28:56.947555+00:00 [info] <0.230.0>  Starting RabbitMQ 3.12.12 on Erlang 25.3.2.8 [jit]
2024-10-19 23:28:56.947555+00:00 [info] <0.230.0>  Copyright (c) 2007-2023 Broadcom Inc and/or its subsidiaries
2024-10-19 23:28:56.947555+00:00 [info] <0.230.0>  Licensed under the MPL 2.0. Website: https://rabbitmq.com
2024-10-19 23:28:56.948137+00:00 [info] <0.230.0> 
2024-10-19 23:28:56.948137+00:00 [info] <0.230.0>  node           : rabbit@abb0d076b991
2024-10-19 23:28:56.948137+00:00 [info] <0.230.0>  home dir       : /var/lib/rabbitmq
2024-10-19 23:28:56.948137+00:00 [info] <0.230.0>  config file(s) : (none)
2024-10-19 23:28:56.948137+00:00 [info] <0.230.0>  cookie hash    : wT94PbAq/az5OHec4QxVag==
2024-10-19 23:28:56.948137+00:00 [info] <0.230.0>  log(s)         : /var/log/rabbitmq/rabbit@abb0d076b991.log
2024-10-19 23:28:56.948137+00:00 [info] <0.230.0>                 : <stdout>
2024-10-19 23:28:56.948137+00:00 [info] <0.230.0>  data dir       : /var/lib/rabbitmq/mnesia/rabbit@abb0d076b991
2024-10-19 23:28:59.120809+00:00 [info] <0.230.0> Running boot step pre_boot defined by app rabbit
2024-10-19 23:28:59.120895+00:00 [info] <0.230.0> Running boot step rabbit_global_counters defined by app rabbit
2024-10-19 23:28:59.121083+00:00 [info] <0.230.0> Running boot step rabbit_osiris_metrics defined by app rabbit
2024-10-19 23:28:59.121144+00:00 [info] <0.230.0> Running boot step rabbit_core_metrics defined by app rabbit
2024-10-19 23:28:59.121833+00:00 [info] <0.230.0> Running boot step rabbit_alarm defined by app rabbit
2024-10-19 23:28:59.124431+00:00 [info] <0.385.0> Memory high watermark set to 3135 MiB (3287814963 bytes) of 7838 MiB (8219537408 bytes) total
2024-10-19 23:28:59.127066+00:00 [info] <0.387.0> Enabling free disk space monitoring (disk free space: 332791394304, total memory: 8219537408)
2024-10-19 23:28:59.127120+00:00 [info] <0.387.0> Disk free limit set to 50MB
2024-10-19 23:28:59.128400+00:00 [info] <0.230.0> Running boot step code_server_cache defined by app rabbit
2024-10-19 23:28:59.128507+00:00 [info] <0.230.0> Running boot step file_handle_cache defined by app rabbit
2024-10-19 23:28:59.128630+00:00 [info] <0.390.0> Limiting to approx 1048479 file handles (943629 sockets)
2024-10-19 23:28:59.128680+00:00 [info] <0.391.0> FHC read buffering: OFF
2024-10-19 23:28:59.128696+00:00 [info] <0.391.0> FHC write buffering: ON
2024-10-19 23:28:59.128945+00:00 [info] <0.230.0> Running boot step worker_pool defined by app rabbit
2024-10-19 23:28:59.128977+00:00 [info] <0.369.0> Will use 10 processes for default worker pool
2024-10-19 23:28:59.128994+00:00 [info] <0.369.0> Starting worker pool 'worker_pool' with 10 processes in it
2024-10-19 23:28:59.129222+00:00 [info] <0.230.0> Running boot step database defined by app rabbit
2024-10-19 23:28:59.131200+00:00 [info] <0.230.0> Waiting for Mnesia tables for 30000 ms, 9 retries left
2024-10-19 23:28:59.131415+00:00 [info] <0.230.0> Successfully synced tables from a peer
2024-10-19 23:28:59.133597+00:00 [info] <0.230.0> Waiting for Mnesia tables for 30000 ms, 9 retries left
2024-10-19 23:28:59.133648+00:00 [info] <0.230.0> Successfully synced tables from a peer
2024-10-19 23:28:59.133662+00:00 [info] <0.230.0> Peer discovery backend rabbit_peer_discovery_classic_config does not support registration, skipping registration.
2024-10-19 23:28:59.133721+00:00 [info] <0.230.0> Running boot step tracking_metadata_store defined by app rabbit
2024-10-19 23:28:59.133761+00:00 [info] <0.411.0> Setting up a table for connection tracking on this node: tracked_connection
2024-10-19 23:28:59.133783+00:00 [info] <0.411.0> Setting up a table for per-vhost connection counting on this node: tracked_connection_per_vhost
2024-10-19 23:28:59.133817+00:00 [info] <0.411.0> Setting up a table for per-user connection counting on this node: tracked_connection_per_user
2024-10-19 23:28:59.133843+00:00 [info] <0.411.0> Setting up a table for channel tracking on this node: tracked_channel
2024-10-19 23:28:59.133870+00:00 [info] <0.411.0> Setting up a table for channel tracking on this node: tracked_channel_per_user
2024-10-19 23:28:59.133901+00:00 [info] <0.230.0> Running boot step networking_metadata_store defined by app rabbit
2024-10-19 23:28:59.133924+00:00 [info] <0.230.0> Running boot step feature_flags defined by app rabbit
2024-10-19 23:28:59.133999+00:00 [info] <0.230.0> Running boot step codec_correctness_check defined by app rabbit
2024-10-19 23:28:59.134012+00:00 [info] <0.230.0> Running boot step external_infrastructure defined by app rabbit
2024-10-19 23:28:59.134067+00:00 [info] <0.230.0> Running boot step rabbit_event defined by app rabbit
2024-10-19 23:28:59.134208+00:00 [info] <0.230.0> Running boot step rabbit_registry defined by app rabbit
2024-10-19 23:28:59.134276+00:00 [info] <0.230.0> Running boot step rabbit_auth_mechanism_amqplain defined by app rabbit
2024-10-19 23:28:59.134311+00:00 [info] <0.230.0> Running boot step rabbit_auth_mechanism_cr_demo defined by app rabbit
2024-10-19 23:28:59.134368+00:00 [info] <0.230.0> Running boot step rabbit_auth_mechanism_plain defined by app rabbit
2024-10-19 23:28:59.134429+00:00 [info] <0.230.0> Running boot step rabbit_exchange_type_direct defined by app rabbit
2024-10-19 23:28:59.134480+00:00 [info] <0.230.0> Running boot step rabbit_exchange_type_fanout defined by app rabbit
2024-10-19 23:28:59.134542+00:00 [info] <0.230.0> Running boot step rabbit_exchange_type_headers defined by app rabbit
2024-10-19 23:28:59.134589+00:00 [info] <0.230.0> Running boot step rabbit_exchange_type_topic defined by app rabbit
2024-10-19 23:28:59.134621+00:00 [info] <0.230.0> Running boot step rabbit_mirror_queue_mode_all defined by app rabbit
2024-10-19 23:28:59.134654+00:00 [info] <0.230.0> Running boot step rabbit_mirror_queue_mode_exactly defined by app rabbit
2024-10-19 23:28:59.134710+00:00 [info] <0.230.0> Running boot step rabbit_mirror_queue_mode_nodes defined by app rabbit
2024-10-19 23:28:59.134751+00:00 [info] <0.230.0> Running boot step rabbit_priority_queue defined by app rabbit
2024-10-19 23:28:59.134768+00:00 [info] <0.230.0> Priority queues enabled, real BQ is rabbit_variable_queue
2024-10-19 23:28:59.134814+00:00 [info] <0.230.0> Running boot step rabbit_queue_location_client_local defined by app rabbit
2024-10-19 23:28:59.134847+00:00 [info] <0.230.0> Running boot step rabbit_queue_location_min_masters defined by app rabbit
2024-10-19 23:28:59.134891+00:00 [info] <0.230.0> Running boot step rabbit_queue_location_random defined by app rabbit
2024-10-19 23:28:59.134925+00:00 [info] <0.230.0> Running boot step kernel_ready defined by app rabbit
2024-10-19 23:28:59.134950+00:00 [info] <0.230.0> Running boot step rabbit_sysmon_minder defined by app rabbit
2024-10-19 23:28:59.135011+00:00 [info] <0.230.0> Running boot step rabbit_epmd_monitor defined by app rabbit
2024-10-19 23:28:59.135449+00:00 [info] <0.419.0> epmd monitor knows us, inter-node communication (distribution) port: 25672
2024-10-19 23:28:59.135523+00:00 [info] <0.230.0> Running boot step guid_generator defined by app rabbit
2024-10-19 23:28:59.136506+00:00 [info] <0.230.0> Running boot step rabbit_node_monitor defined by app rabbit
2024-10-19 23:28:59.136600+00:00 [info] <0.423.0> Starting rabbit_node_monitor (in ignore mode)
2024-10-19 23:28:59.136640+00:00 [info] <0.230.0> Running boot step delegate_sup defined by app rabbit
2024-10-19 23:28:59.136835+00:00 [info] <0.230.0> Running boot step rabbit_memory_monitor defined by app rabbit
2024-10-19 23:28:59.136895+00:00 [info] <0.230.0> Running boot step rabbit_fifo_dlx_sup defined by app rabbit
2024-10-19 23:28:59.136922+00:00 [info] <0.230.0> Running boot step core_initialized defined by app rabbit
2024-10-19 23:28:59.136946+00:00 [info] <0.230.0> Running boot step rabbit_channel_tracking_handler defined by app rabbit
2024-10-19 23:28:59.136971+00:00 [info] <0.230.0> Running boot step rabbit_connection_tracking_handler defined by app rabbit
2024-10-19 23:28:59.136986+00:00 [info] <0.230.0> Running boot step rabbit_definitions_hashing defined by app rabbit
2024-10-19 23:28:59.137007+00:00 [info] <0.230.0> Running boot step rabbit_exchange_parameters defined by app rabbit
2024-10-19 23:28:59.137108+00:00 [info] <0.230.0> Running boot step rabbit_mirror_queue_misc defined by app rabbit
2024-10-19 23:28:59.137205+00:00 [info] <0.230.0> Running boot step rabbit_policies defined by app rabbit
2024-10-19 23:28:59.137333+00:00 [info] <0.230.0> Running boot step rabbit_policy defined by app rabbit
2024-10-19 23:28:59.137353+00:00 [info] <0.230.0> Running boot step rabbit_queue_location_validator defined by app rabbit
2024-10-19 23:28:59.137372+00:00 [info] <0.230.0> Running boot step rabbit_quorum_memory_manager defined by app rabbit
2024-10-19 23:28:59.137390+00:00 [info] <0.230.0> Running boot step rabbit_stream_coordinator defined by app rabbit
2024-10-19 23:28:59.137466+00:00 [info] <0.230.0> Running boot step rabbit_vhost_limit defined by app rabbit
2024-10-19 23:28:59.137514+00:00 [info] <0.230.0> Running boot step recovery defined by app rabbit
2024-10-19 23:28:59.138070+00:00 [info] <0.455.0> Making sure data directory '/var/lib/rabbitmq/mnesia/rabbit@abb0d076b991/msg_stores/vhosts/628WB79CIFDYO9LJI6DKMI09L' for vhost '/' exists
2024-10-19 23:28:59.140542+00:00 [info] <0.455.0> Starting message stores for vhost '/'
2024-10-19 23:28:59.140728+00:00 [info] <0.465.0> Message store "628WB79CIFDYO9LJI6DKMI09L/msg_store_transient": using rabbit_msg_store_ets_index to provide index
2024-10-19 23:28:59.143254+00:00 [info] <0.455.0> Started message store of type transient for vhost '/'
2024-10-19 23:28:59.143349+00:00 [info] <0.469.0> Message store "628WB79CIFDYO9LJI6DKMI09L/msg_store_persistent": using rabbit_msg_store_ets_index to provide index
2024-10-19 23:28:59.143867+00:00 [warning] <0.469.0> Message store "628WB79CIFDYO9LJI6DKMI09L/msg_store_persistent": rebuilding indices from scratch
2024-10-19 23:28:59.144675+00:00 [info] <0.455.0> Started message store of type persistent for vhost '/'
2024-10-19 23:28:59.144746+00:00 [info] <0.455.0> Recovering 0 queues of type rabbit_classic_queue took 5ms
2024-10-19 23:28:59.144766+00:00 [info] <0.455.0> Recovering 0 queues of type rabbit_quorum_queue took 0ms
2024-10-19 23:28:59.144784+00:00 [info] <0.455.0> Recovering 0 queues of type rabbit_stream_queue took 0ms
2024-10-19 23:28:59.145651+00:00 [info] <0.230.0> Running boot step empty_db_check defined by app rabbit
2024-10-19 23:28:59.145691+00:00 [info] <0.230.0> Will not seed default virtual host and user: have definitions to load...
2024-10-19 23:28:59.145720+00:00 [info] <0.230.0> Running boot step rabbit_observer_cli defined by app rabbit
2024-10-19 23:28:59.145757+00:00 [info] <0.230.0> Running boot step rabbit_looking_glass defined by app rabbit
2024-10-19 23:28:59.145770+00:00 [info] <0.230.0> Running boot step rabbit_core_metrics_gc defined by app rabbit
2024-10-19 23:28:59.145812+00:00 [info] <0.230.0> Running boot step background_gc defined by app rabbit
2024-10-19 23:28:59.145859+00:00 [info] <0.230.0> Running boot step routing_ready defined by app rabbit
2024-10-19 23:28:59.145871+00:00 [info] <0.230.0> Running boot step pre_flight defined by app rabbit
2024-10-19 23:28:59.145904+00:00 [info] <0.230.0> Running boot step notify_cluster defined by app rabbit
2024-10-19 23:28:59.145950+00:00 [info] <0.230.0> Running boot step networking defined by app rabbit
2024-10-19 23:28:59.146019+00:00 [info] <0.230.0> Running boot step definition_import_worker_pool defined by app rabbit
2024-10-19 23:28:59.146061+00:00 [info] <0.369.0> Starting worker pool 'definition_import_pool' with 10 processes in it
2024-10-19 23:28:59.146297+00:00 [info] <0.230.0> Running boot step cluster_name defined by app rabbit
2024-10-19 23:28:59.146323+00:00 [info] <0.230.0> Running boot step direct_client defined by app rabbit
2024-10-19 23:28:59.146435+00:00 [info] <0.230.0> Running boot step rabbit_maintenance_mode_state defined by app rabbit
2024-10-19 23:28:59.146459+00:00 [info] <0.230.0> Creating table rabbit_node_maintenance_states for maintenance mode status
2024-10-19 23:28:59.146867+00:00 [info] <0.514.0> Resetting node maintenance status
2024-10-19 23:28:59.146954+00:00 [info] <0.514.0> Ready to start client connection listeners
2024-10-19 23:28:59.149257+00:00 [info] <0.532.0> started TCP listener on [::]:5672
2024-10-19 23:28:59.178832+00:00 [info] <0.514.0> Server startup complete; 0 plugins started.
2024-10-19 23:28:59.348445+00:00 [info] <0.9.0> Time to start RabbitMQ: 4230972 us
2024-10-19 23:29:03.043552+00:00 [notice] <0.61.0> SIGTERM received - shutting down
2024-10-19 23:29:03.043552+00:00 [notice] <0.61.0> 
2024-10-19 23:29:03.045030+00:00 [info] <0.230.0> Peer discovery backend rabbit_peer_discovery_classic_config does not support registration, skipping unregistration.
2024-10-19 23:29:03.045184+00:00 [info] <0.532.0> stopped TCP listener on [::]:5672
2024-10-19 23:29:03.046113+00:00 [info] <0.469.0> Stopping message store for directory '/var/lib/rabbitmq/mnesia/rabbit@abb0d076b991/msg_stores/vhosts/628WB79CIFDYO9LJI6DKMI09L/msg_store_persistent'
2024-10-19 23:29:03.046081+00:00 [info] <0.533.0> Closing all connections in vhost '/' on node 'rabbit@abb0d076b991' because the vhost is stopping
2024-10-19 23:29:03.050843+00:00 [info] <0.469.0> Message store for directory '/var/lib/rabbitmq/mnesia/rabbit@abb0d076b991/msg_stores/vhosts/628WB79CIFDYO9LJI6DKMI09L/msg_store_persistent' is stopped
2024-10-19 23:29:03.051000+00:00 [info] <0.465.0> Stopping message store for directory '/var/lib/rabbitmq/mnesia/rabbit@abb0d076b991/msg_stores/vhosts/628WB79CIFDYO9LJI6DKMI09L/msg_store_transient'
2024-10-19 23:29:03.053814+00:00 [info] <0.465.0> Message store for directory '/var/lib/rabbitmq/mnesia/rabbit@abb0d076b991/msg_stores/vhosts/628WB79CIFDYO9LJI6DKMI09L/msg_store_transient' is stopped
2024-10-19 23:29:35.961144+00:00 [notice] <0.230.0> Logging: configured log handlers are now ACTIVE
2024-10-19 23:29:36.139159+00:00 [info] <0.230.0> ra: starting system quorum_queues
2024-10-19 23:29:36.139242+00:00 [info] <0.230.0> starting Ra system: quorum_queues in directory: /var/lib/rabbitmq/mnesia/rabbit@abb0d076b991/quorum/rabbit@abb0d076b991
2024-10-19 23:29:36.153344+00:00 [info] <0.317.0> ra system 'quorum_queues' running pre init for 0 registered servers
2024-10-19 23:29:36.164449+00:00 [info] <0.318.0> ra: meta data store initialised for system quorum_queues. 0 record(s) recovered
2024-10-19 23:29:36.173753+00:00 [notice] <0.323.0> WAL: ra_log_wal init, open tbls: ra_log_open_mem_tables, closed tbls: ra_log_closed_mem_tables
2024-10-19 23:29:36.183201+00:00 [info] <0.230.0> ra: starting system coordination
2024-10-19 23:29:36.183268+00:00 [info] <0.230.0> starting Ra system: coordination in directory: /var/lib/rabbitmq/mnesia/rabbit@abb0d076b991/coordination/rabbit@abb0d076b991
2024-10-19 23:29:36.184081+00:00 [info] <0.330.0> ra system 'coordination' running pre init for 0 registered servers
2024-10-19 23:29:36.184628+00:00 [info] <0.331.0> ra: meta data store initialised for system coordination. 0 record(s) recovered
2024-10-19 23:29:36.184761+00:00 [notice] <0.336.0> WAL: ra_coordination_log_wal init, open tbls: ra_coordination_log_open_mem_tables, closed tbls: ra_coordination_log_closed_mem_tables
2024-10-19 23:29:36.187197+00:00 [info] <0.230.0> 
2024-10-19 23:29:36.187197+00:00 [info] <0.230.0>  Starting RabbitMQ 3.12.12 on Erlang 25.3.2.8 [jit]
2024-10-19 23:29:36.187197+00:00 [info] <0.230.0>  Copyright (c) 2007-2023 Broadcom Inc and/or its subsidiaries
2024-10-19 23:29:36.187197+00:00 [info] <0.230.0>  Licensed under the MPL 2.0. Website: https://rabbitmq.com
2024-10-19 23:29:36.187855+00:00 [info] <0.230.0> 
2024-10-19 23:29:36.187855+00:00 [info] <0.230.0>  node           : rabbit@abb0d076b991
2024-10-19 23:29:36.187855+00:00 [info] <0.230.0>  home dir       : /var/lib/rabbitmq
2024-10-19 23:29:36.187855+00:00 [info] <0.230.0>  config file(s) : (none)
2024-10-19 23:29:36.187855+00:00 [info] <0.230.0>  cookie hash    : wT94PbAq/az5OHec4QxVag==
2024-10-19 23:29:36.187855+00:00 [info] <0.230.0>  log(s)         : /var/log/rabbitmq/rabbit@abb0d076b991.log
2024-10-19 23:29:36.187855+00:00 [info] <0.230.0>                 : <stdout>
2024-10-19 23:29:36.187855+00:00 [info] <0.230.0>  data dir       : /var/lib/rabbitmq/mnesia/rabbit@abb0d076b991
2024-10-19 23:29:38.330263+00:00 [info] <0.230.0> Running boot step pre_boot defined by app rabbit
2024-10-19 23:29:38.330329+00:00 [info] <0.230.0> Running boot step rabbit_global_counters defined by app rabbit
2024-10-19 23:29:38.330467+00:00 [info] <0.230.0> Running boot step rabbit_osiris_metrics defined by app rabbit
2024-10-19 23:29:38.330536+00:00 [info] <0.230.0> Running boot step rabbit_core_metrics defined by app rabbit
2024-10-19 23:29:38.331131+00:00 [info] <0.230.0> Running boot step rabbit_alarm defined by app rabbit
2024-10-19 23:29:38.333286+00:00 [info] <0.354.0> Memory high watermark set to 3135 MiB (3287814963 bytes) of 7838 MiB (8219537408 bytes) total
2024-10-19 23:29:38.335890+00:00 [info] <0.356.0> Enabling free disk space monitoring (disk free space: 332793053184, total memory: 8219537408)
2024-10-19 23:29:38.335939+00:00 [info] <0.356.0> Disk free limit set to 50MB
2024-10-19 23:29:38.337208+00:00 [info] <0.230.0> Running boot step code_server_cache defined by app rabbit
2024-10-19 23:29:38.337323+00:00 [info] <0.230.0> Running boot step file_handle_cache defined by app rabbit
2024-10-19 23:29:38.337433+00:00 [info] <0.359.0> Limiting to approx 1048479 file handles (943629 sockets)
2024-10-19 23:29:38.337491+00:00 [info] <0.360.0> FHC read buffering: OFF
2024-10-19 23:29:38.337507+00:00 [info] <0.360.0> FHC write buffering: ON
2024-10-19 23:29:38.337804+00:00 [info] <0.230.0> Running boot step worker_pool defined by app rabbit
2024-10-19 23:29:38.337844+00:00 [info] <0.338.0> Will use 10 processes for default worker pool
2024-10-19 23:29:38.337862+00:00 [info] <0.338.0> Starting worker pool 'worker_pool' with 10 processes in it
2024-10-19 23:29:38.338121+00:00 [info] <0.230.0> Running boot step database defined by app rabbit
2024-10-19 23:29:38.340181+00:00 [info] <0.230.0> Waiting for Mnesia tables for 30000 ms, 9 retries left
2024-10-19 23:29:38.340742+00:00 [info] <0.230.0> Successfully synced tables from a peer
2024-10-19 23:29:38.343434+00:00 [info] <0.230.0> Waiting for Mnesia tables for 30000 ms, 9 retries left
2024-10-19 23:29:38.343511+00:00 [info] <0.230.0> Successfully synced tables from a peer
2024-10-19 23:29:38.343528+00:00 [info] <0.230.0> Peer discovery backend rabbit_peer_discovery_classic_config does not support registration, skipping registration.
2024-10-19 23:29:38.343599+00:00 [info] <0.230.0> Running boot step tracking_metadata_store defined by app rabbit
2024-10-19 23:29:38.343648+00:00 [info] <0.380.0> Setting up a table for connection tracking on this node: tracked_connection
2024-10-19 23:29:38.343673+00:00 [info] <0.380.0> Setting up a table for per-vhost connection counting on this node: tracked_connection_per_vhost
2024-10-19 23:29:38.343710+00:00 [info] <0.380.0> Setting up a table for per-user connection counting on this node: tracked_connection_per_user
2024-10-19 23:29:38.343737+00:00 [info] <0.380.0> Setting up a table for channel tracking on this node: tracked_channel
2024-10-19 23:29:38.343762+00:00 [info] <0.380.0> Setting up a table for channel tracking on this node: tracked_channel_per_user
2024-10-19 23:29:38.343797+00:00 [info] <0.230.0> Running boot step networking_metadata_store defined by app rabbit
2024-10-19 23:29:38.343821+00:00 [info] <0.230.0> Running boot step feature_flags defined by app rabbit
2024-10-19 23:29:38.343879+00:00 [info] <0.230.0> Running boot step codec_correctness_check defined by app rabbit
2024-10-19 23:29:38.343892+00:00 [info] <0.230.0> Running boot step external_infrastructure defined by app rabbit
2024-10-19 23:29:38.343916+00:00 [info] <0.230.0> Running boot step rabbit_event defined by app rabbit
2024-10-19 23:29:38.344000+00:00 [info] <0.230.0> Running boot step rabbit_registry defined by app rabbit
2024-10-19 23:29:38.344034+00:00 [info] <0.230.0> Running boot step rabbit_auth_mechanism_amqplain defined by app rabbit
2024-10-19 23:29:38.344084+00:00 [info] <0.230.0> Running boot step rabbit_auth_mechanism_cr_demo defined by app rabbit
2024-10-19 23:29:38.344141+00:00 [info] <0.230.0> Running boot step rabbit_auth_mechanism_plain defined by app rabbit
2024-10-19 23:29:38.344183+00:00 [info] <0.230.0> Running boot step rabbit_exchange_type_direct defined by app rabbit
2024-10-19 23:29:38.344233+00:00 [info] <0.230.0> Running boot step rabbit_exchange_type_fanout defined by app rabbit
2024-10-19 23:29:38.344270+00:00 [info] <0.230.0> Running boot step rabbit_exchange_type_headers defined by app rabbit
2024-10-19 23:29:38.344311+00:00 [info] <0.230.0> Running boot step rabbit_exchange_type_topic defined by app rabbit
2024-10-19 23:29:38.344355+00:00 [info] <0.230.0> Running boot step rabbit_mirror_queue_mode_all defined by app rabbit
2024-10-19 23:29:38.344394+00:00 [info] <0.230.0> Running boot step rabbit_mirror_queue_mode_exactly defined by app rabbit
2024-10-19 23:29:38.344459+00:00 [info] <0.230.0> Running boot step rabbit_mirror_queue_mode_nodes defined by app rabbit
2024-10-19 23:29:38.344501+00:00 [info] <0.230.0> Running boot step rabbit_priority_queue defined by app rabbit
2024-10-19 23:29:38.344525+00:00 [info] <0.230.0> Priority queues enabled, real BQ is rabbit_variable_queue
2024-10-19 23:29:38.344581+00:00 [info] <0.230.0> Running boot step rabbit_queue_location_client_local defined by app rabbit
2024-10-19 23:29:38.344613+00:00 [info] <0.230.0> Running boot step rabbit_queue_location_min_masters defined by app rabbit
2024-10-19 23:29:38.344646+00:00 [info] <0.230.0> Running boot step rabbit_queue_location_random defined by app rabbit
2024-10-19 23:29:38.344695+00:00 [info] <0.230.0> Running boot step kernel_ready defined by app rabbit
2024-10-19 23:29:38.344728+00:00 [info] <0.230.0> Running boot step rabbit_sysmon_minder defined by app rabbit
2024-10-19 23:29:38.344801+00:00 [info] <0.230.0> Running boot step rabbit_epmd_monitor defined by app rabbit
2024-10-19 23:29:38.345410+00:00 [info] <0.388.0> epmd monitor knows us, inter-node communication (distribution) port: 25672
2024-10-19 23:29:38.345467+00:00 [info] <0.230.0> Running boot step guid_generator defined by app rabbit
2024-10-19 23:29:38.346499+00:00 [info] <0.230.0> Running boot step rabbit_node_monitor defined by app rabbit
2024-10-19 23:29:38.346627+00:00 [info] <0.392.0> Starting rabbit_node_monitor (in ignore mode)
2024-10-19 23:29:38.346692+00:00 [info] <0.230.0> Running boot step delegate_sup defined by app rabbit
2024-10-19 23:29:38.346911+00:00 [info] <0.230.0> Running boot step rabbit_memory_monitor defined by app rabbit
2024-10-19 23:29:38.347039+00:00 [info] <0.230.0> Running boot step rabbit_fifo_dlx_sup defined by app rabbit
2024-10-19 23:29:38.347115+00:00 [info] <0.230.0> Running boot step core_initialized defined by app rabbit
2024-10-19 23:29:38.347130+00:00 [info] <0.230.0> Running boot step rabbit_channel_tracking_handler defined by app rabbit
2024-10-19 23:29:38.347161+00:00 [info] <0.230.0> Running boot step rabbit_connection_tracking_handler defined by app rabbit
2024-10-19 23:29:38.347211+00:00 [info] <0.230.0> Running boot step rabbit_definitions_hashing defined by app rabbit
2024-10-19 23:29:38.347243+00:00 [info] <0.230.0> Running boot step rabbit_exchange_parameters defined by app rabbit
2024-10-19 23:29:38.347408+00:00 [info] <0.230.0> Running boot step rabbit_mirror_queue_misc defined by app rabbit
2024-10-19 23:29:38.347568+00:00 [info] <0.230.0> Running boot step rabbit_policies defined by app rabbit
2024-10-19 23:29:38.347737+00:00 [info] <0.230.0> Running boot step rabbit_policy defined by app rabbit
2024-10-19 23:29:38.347770+00:00 [info] <0.230.0> Running boot step rabbit_queue_location_validator defined by app rabbit
2024-10-19 23:29:38.347791+00:00 [info] <0.230.0> Running boot step rabbit_quorum_memory_manager defined by app rabbit
2024-10-19 23:29:38.347811+00:00 [info] <0.230.0> Running boot step rabbit_stream_coordinator defined by app rabbit
2024-10-19 23:29:38.347879+00:00 [info] <0.230.0> Running boot step rabbit_vhost_limit defined by app rabbit
2024-10-19 23:29:38.347904+00:00 [info] <0.230.0> Running boot step recovery defined by app rabbit
2024-10-19 23:29:38.348328+00:00 [info] <0.424.0> Making sure data directory '/var/lib/rabbitmq/mnesia/rabbit@abb0d076b991/msg_stores/vhosts/628WB79CIFDYO9LJI6DKMI09L' for vhost '/' exists
2024-10-19 23:29:38.350000+00:00 [info] <0.424.0> Starting message stores for vhost '/'
2024-10-19 23:29:38.350126+00:00 [info] <0.434.0> Message store "628WB79CIFDYO9LJI6DKMI09L/msg_store_transient": using rabbit_msg_store_ets_index to provide index
2024-10-19 23:29:38.353190+00:00 [info] <0.424.0> Started message store of type transient for vhost '/'
2024-10-19 23:29:38.353319+00:00 [info] <0.438.0> Message store "628WB79CIFDYO9LJI6DKMI09L/msg_store_persistent": using rabbit_msg_store_ets_index to provide index
2024-10-19 23:29:38.357113+00:00 [info] <0.424.0> Started message store of type persistent for vhost '/'
2024-10-19 23:29:38.357221+00:00 [info] <0.424.0> Recovering 0 queues of type rabbit_classic_queue took 8ms
2024-10-19 23:29:38.357242+00:00 [info] <0.424.0> Recovering 0 queues of type rabbit_quorum_queue took 0ms
2024-10-19 23:29:38.357259+00:00 [info] <0.424.0> Recovering 0 queues of type rabbit_stream_queue took 0ms
2024-10-19 23:29:38.358155+00:00 [info] <0.230.0> Running boot step empty_db_check defined by app rabbit
2024-10-19 23:29:38.358199+00:00 [info] <0.230.0> Will not seed default virtual host and user: have definitions to load...
2024-10-19 23:29:38.358229+00:00 [info] <0.230.0> Running boot step rabbit_observer_cli defined by app rabbit
2024-10-19 23:29:38.358272+00:00 [info] <0.230.0> Running boot step rabbit_looking_glass defined by app rabbit
2024-10-19 23:29:38.358302+00:00 [info] <0.230.0> Running boot step rabbit_core_metrics_gc defined by app rabbit
2024-10-19 23:29:38.358428+00:00 [info] <0.230.0> Running boot step background_gc defined by app rabbit
2024-10-19 23:29:38.358524+00:00 [info] <0.230.0> Running boot step routing_ready defined by app rabbit
2024-10-19 23:29:38.358545+00:00 [info] <0.230.0> Running boot step pre_flight defined by app rabbit
2024-10-19 23:29:38.358570+00:00 [info] <0.230.0> Running boot step notify_cluster defined by app rabbit
2024-10-19 23:29:38.358600+00:00 [info] <0.230.0> Running boot step networking defined by app rabbit
2024-10-19 23:29:38.358611+00:00 [info] <0.230.0> Running boot step definition_import_worker_pool defined by app rabbit
2024-10-19 23:29:38.358639+00:00 [info] <0.338.0> Starting worker pool 'definition_import_pool' with 10 processes in it
2024-10-19 23:29:38.359264+00:00 [info] <0.230.0> Running boot step cluster_name defined by app rabbit
2024-10-19 23:29:38.359329+00:00 [info] <0.230.0> Running boot step direct_client defined by app rabbit
2024-10-19 23:29:38.359393+00:00 [info] <0.230.0> Running boot step rabbit_maintenance_mode_state defined by app rabbit
2024-10-19 23:29:38.359415+00:00 [info] <0.230.0> Creating table rabbit_node_maintenance_states for maintenance mode status
2024-10-19 23:29:38.359620+00:00 [info] <0.482.0> Resetting node maintenance status
2024-10-19 23:29:38.359670+00:00 [info] <0.482.0> Ready to start client connection listeners
2024-10-19 23:29:38.360661+00:00 [info] <0.500.0> started TCP listener on [::]:5672
2024-10-19 23:29:38.389867+00:00 [info] <0.482.0> Server startup complete; 0 plugins started.
2024-10-19 23:29:38.561158+00:00 [info] <0.9.0> Time to start RabbitMQ: 4194921 us
2024-10-19 23:29:41.439459+00:00 [notice] <0.61.0> SIGTERM received - shutting down
2024-10-19 23:29:41.439459+00:00 [notice] <0.61.0> 
2024-10-19 23:29:41.440706+00:00 [info] <0.230.0> Peer discovery backend rabbit_peer_discovery_classic_config does not support registration, skipping unregistration.
2024-10-19 23:29:41.440939+00:00 [info] <0.500.0> stopped TCP listener on [::]:5672
2024-10-19 23:29:41.443475+00:00 [info] <0.501.0> Closing all connections in vhost '/' on node 'rabbit@abb0d076b991' because the vhost is stopping
2024-10-19 23:29:41.443520+00:00 [info] <0.438.0> Stopping message store for directory '/var/lib/rabbitmq/mnesia/rabbit@abb0d076b991/msg_stores/vhosts/628WB79CIFDYO9LJI6DKMI09L/msg_store_persistent'
2024-10-19 23:29:41.448482+00:00 [info] <0.438.0> Message store for directory '/var/lib/rabbitmq/mnesia/rabbit@abb0d076b991/msg_stores/vhosts/628WB79CIFDYO9LJI6DKMI09L/msg_store_persistent' is stopped
2024-10-19 23:29:41.448601+00:00 [info] <0.434.0> Stopping message store for directory '/var/lib/rabbitmq/mnesia/rabbit@abb0d076b991/msg_stores/vhosts/628WB79CIFDYO9LJI6DKMI09L/msg_store_transient'
2024-10-19 23:29:41.452067+00:00 [info] <0.434.0> Message store for directory '/var/lib/rabbitmq/mnesia/rabbit@abb0d076b991/msg_stores/vhosts/628WB79CIFDYO9LJI6DKMI09L/msg_store_transient' is stopped
2024-10-19 23:32:12.457129+00:00 [notice] <0.230.0> Logging: configured log handlers are now ACTIVE
2024-10-19 23:32:12.682210+00:00 [info] <0.230.0> ra: starting system quorum_queues
2024-10-19 23:32:12.682295+00:00 [info] <0.230.0> starting Ra system: quorum_queues in directory: /var/lib/rabbitmq/mnesia/rabbit@abb0d076b991/quorum/rabbit@abb0d076b991
2024-10-19 23:32:12.706258+00:00 [info] <0.317.0> ra system 'quorum_queues' running pre init for 0 registered servers
2024-10-19 23:32:12.719569+00:00 [info] <0.318.0> ra: meta data store initialised for system quorum_queues. 0 record(s) recovered
2024-10-19 23:32:12.737091+00:00 [notice] <0.323.0> WAL: ra_log_wal init, open tbls: ra_log_open_mem_tables, closed tbls: ra_log_closed_mem_tables
2024-10-19 23:32:12.766791+00:00 [info] <0.230.0> ra: starting system coordination
2024-10-19 23:32:12.767054+00:00 [info] <0.230.0> starting Ra system: coordination in directory: /var/lib/rabbitmq/mnesia/rabbit@abb0d076b991/coordination/rabbit@abb0d076b991
2024-10-19 23:32:12.769798+00:00 [info] <0.330.0> ra system 'coordination' running pre init for 0 registered servers
2024-10-19 23:32:12.771339+00:00 [info] <0.331.0> ra: meta data store initialised for system coordination. 0 record(s) recovered
2024-10-19 23:32:12.771481+00:00 [notice] <0.336.0> WAL: ra_coordination_log_wal init, open tbls: ra_coordination_log_open_mem_tables, closed tbls: ra_coordination_log_closed_mem_tables
2024-10-19 23:32:12.775087+00:00 [info] <0.230.0> 
2024-10-19 23:32:12.775087+00:00 [info] <0.230.0>  Starting RabbitMQ 3.12.12 on Erlang 25.3.2.8 [jit]
2024-10-19 23:32:12.775087+00:00 [info] <0.230.0>  Copyright (c) 2007-2023 Broadcom Inc and/or its subsidiaries
2024-10-19 23:32:12.775087+00:00 [info] <0.230.0>  Licensed under the MPL 2.0. Website: https://rabbitmq.com
2024-10-19 23:32:12.776186+00:00 [info] <0.230.0> 
2024-10-19 23:32:12.776186+00:00 [info] <0.230.0>  node           : rabbit@abb0d076b991
2024-10-19 23:32:12.776186+00:00 [info] <0.230.0>  home dir       : /var/lib/rabbitmq
2024-10-19 23:32:12.776186+00:00 [info] <0.230.0>  config file(s) : (none)
2024-10-19 23:32:12.776186+00:00 [info] <0.230.0>  cookie hash    : wT94PbAq/az5OHec4QxVag==
2024-10-19 23:32:12.776186+00:00 [info] <0.230.0>  log(s)         : /var/log/rabbitmq/rabbit@abb0d076b991.log
2024-10-19 23:32:12.776186+00:00 [info] <0.230.0>                 : <stdout>
2024-10-19 23:32:12.776186+00:00 [info] <0.230.0>  data dir       : /var/lib/rabbitmq/mnesia/rabbit@abb0d076b991
2024-10-19 23:32:14.800893+00:00 [info] <0.230.0> Running boot step pre_boot defined by app rabbit
2024-10-19 23:32:14.800992+00:00 [info] <0.230.0> Running boot step rabbit_global_counters defined by app rabbit
2024-10-19 23:32:14.801233+00:00 [info] <0.230.0> Running boot step rabbit_osiris_metrics defined by app rabbit
2024-10-19 23:32:14.801319+00:00 [info] <0.230.0> Running boot step rabbit_core_metrics defined by app rabbit
2024-10-19 23:32:14.802794+00:00 [info] <0.230.0> Running boot step rabbit_alarm defined by app rabbit
2024-10-19 23:32:14.804987+00:00 [info] <0.354.0> Memory high watermark set to 3135 MiB (3287814963 bytes) of 7838 MiB (8219537408 bytes) total
2024-10-19 23:32:14.807161+00:00 [info] <0.356.0> Enabling free disk space monitoring (disk free space: 332395196416, total memory: 8219537408)
2024-10-19 23:32:14.807227+00:00 [info] <0.356.0> Disk free limit set to 50MB
2024-10-19 23:32:14.808298+00:00 [info] <0.230.0> Running boot step code_server_cache defined by app rabbit
2024-10-19 23:32:14.808419+00:00 [info] <0.230.0> Running boot step file_handle_cache defined by app rabbit
2024-10-19 23:32:14.808579+00:00 [info] <0.359.0> Limiting to approx 1048479 file handles (943629 sockets)
2024-10-19 23:32:14.808632+00:00 [info] <0.360.0> FHC read buffering: OFF
2024-10-19 23:32:14.808648+00:00 [info] <0.360.0> FHC write buffering: ON
2024-10-19 23:32:14.808903+00:00 [info] <0.230.0> Running boot step worker_pool defined by app rabbit
2024-10-19 23:32:14.808931+00:00 [info] <0.338.0> Will use 10 processes for default worker pool
2024-10-19 23:32:14.808947+00:00 [info] <0.338.0> Starting worker pool 'worker_pool' with 10 processes in it
2024-10-19 23:32:14.809243+00:00 [info] <0.230.0> Running boot step database defined by app rabbit
2024-10-19 23:32:14.811375+00:00 [info] <0.230.0> Waiting for Mnesia tables for 30000 ms, 9 retries left
2024-10-19 23:32:14.812138+00:00 [info] <0.230.0> Successfully synced tables from a peer
2024-10-19 23:32:14.814588+00:00 [info] <0.230.0> Waiting for Mnesia tables for 30000 ms, 9 retries left
2024-10-19 23:32:14.814701+00:00 [info] <0.230.0> Successfully synced tables from a peer
2024-10-19 23:32:14.814743+00:00 [info] <0.230.0> Peer discovery backend rabbit_peer_discovery_classic_config does not support registration, skipping registration.
2024-10-19 23:32:14.814867+00:00 [info] <0.230.0> Running boot step tracking_metadata_store defined by app rabbit
2024-10-19 23:32:14.814922+00:00 [info] <0.380.0> Setting up a table for connection tracking on this node: tracked_connection
2024-10-19 23:32:14.814948+00:00 [info] <0.380.0> Setting up a table for per-vhost connection counting on this node: tracked_connection_per_vhost
2024-10-19 23:32:14.814986+00:00 [info] <0.380.0> Setting up a table for per-user connection counting on this node: tracked_connection_per_user
2024-10-19 23:32:14.815012+00:00 [info] <0.380.0> Setting up a table for channel tracking on this node: tracked_channel
2024-10-19 23:32:14.815037+00:00 [info] <0.380.0> Setting up a table for channel tracking on this node: tracked_channel_per_user
2024-10-19 23:32:14.815075+00:00 [info] <0.230.0> Running boot step networking_metadata_store defined by app rabbit
2024-10-19 23:32:14.815106+00:00 [info] <0.230.0> Running boot step feature_flags defined by app rabbit
2024-10-19 23:32:14.815165+00:00 [info] <0.230.0> Running boot step codec_correctness_check defined by app rabbit
2024-10-19 23:32:14.815178+00:00 [info] <0.230.0> Running boot step external_infrastructure defined by app rabbit
2024-10-19 23:32:14.815206+00:00 [info] <0.230.0> Running boot step rabbit_event defined by app rabbit
2024-10-19 23:32:14.815268+00:00 [info] <0.230.0> Running boot step rabbit_registry defined by app rabbit
2024-10-19 23:32:14.815347+00:00 [info] <0.230.0> Running boot step rabbit_auth_mechanism_amqplain defined by app rabbit
2024-10-19 23:32:14.815421+00:00 [info] <0.230.0> Running boot step rabbit_auth_mechanism_cr_demo defined by app rabbit
2024-10-19 23:32:14.815462+00:00 [info] <0.230.0> Running boot step rabbit_auth_mechanism_plain defined by app rabbit
2024-10-19 23:32:14.815501+00:00 [info] <0.230.0> Running boot step rabbit_exchange_type_direct defined by app rabbit
2024-10-19 23:32:14.815529+00:00 [info] <0.230.0> Running boot step rabbit_exchange_type_fanout defined by app rabbit
2024-10-19 23:32:14.815555+00:00 [info] <0.230.0> Running boot step rabbit_exchange_type_headers defined by app rabbit
2024-10-19 23:32:14.815571+00:00 [info] <0.230.0> Running boot step rabbit_exchange_type_topic defined by app rabbit
2024-10-19 23:32:14.815586+00:00 [info] <0.230.0> Running boot step rabbit_mirror_queue_mode_all defined by app rabbit
2024-10-19 23:32:14.815603+00:00 [info] <0.230.0> Running boot step rabbit_mirror_queue_mode_exactly defined by app rabbit
2024-10-19 23:32:14.815624+00:00 [info] <0.230.0> Running boot step rabbit_mirror_queue_mode_nodes defined by app rabbit
2024-10-19 23:32:14.815642+00:00 [info] <0.230.0> Running boot step rabbit_priority_queue defined by app rabbit
2024-10-19 23:32:14.815653+00:00 [info] <0.230.0> Priority queues enabled, real BQ is rabbit_variable_queue
2024-10-19 23:32:14.815682+00:00 [info] <0.230.0> Running boot step rabbit_queue_location_client_local defined by app rabbit
2024-10-19 23:32:14.815701+00:00 [info] <0.230.0> Running boot step rabbit_queue_location_min_masters defined by app rabbit
2024-10-19 23:32:14.815717+00:00 [info] <0.230.0> Running boot step rabbit_queue_location_random defined by app rabbit
2024-10-19 23:32:14.815733+00:00 [info] <0.230.0> Running boot step kernel_ready defined by app rabbit
2024-10-19 23:32:14.815745+00:00 [info] <0.230.0> Running boot step rabbit_sysmon_minder defined by app rabbit
2024-10-19 23:32:14.815811+00:00 [info] <0.230.0> Running boot step rabbit_epmd_monitor defined by app rabbit
2024-10-19 23:32:14.816708+00:00 [info] <0.388.0> epmd monitor knows us, inter-node communication (distribution) port: 25672
2024-10-19 23:32:14.816763+00:00 [info] <0.230.0> Running boot step guid_generator defined by app rabbit
2024-10-19 23:32:14.817963+00:00 [info] <0.230.0> Running boot step rabbit_node_monitor defined by app rabbit
2024-10-19 23:32:14.818104+00:00 [info] <0.392.0> Starting rabbit_node_monitor (in ignore mode)
2024-10-19 23:32:14.818203+00:00 [info] <0.230.0> Running boot step delegate_sup defined by app rabbit
2024-10-19 23:32:14.818468+00:00 [info] <0.230.0> Running boot step rabbit_memory_monitor defined by app rabbit
2024-10-19 23:32:14.818593+00:00 [info] <0.230.0> Running boot step rabbit_fifo_dlx_sup defined by app rabbit
2024-10-19 23:32:14.818641+00:00 [info] <0.230.0> Running boot step core_initialized defined by app rabbit
2024-10-19 23:32:14.818653+00:00 [info] <0.230.0> Running boot step rabbit_channel_tracking_handler defined by app rabbit
2024-10-19 23:32:14.818693+00:00 [info] <0.230.0> Running boot step rabbit_connection_tracking_handler defined by app rabbit
2024-10-19 23:32:14.818710+00:00 [info] <0.230.0> Running boot step rabbit_definitions_hashing defined by app rabbit
2024-10-19 23:32:14.818739+00:00 [info] <0.230.0> Running boot step rabbit_exchange_parameters defined by app rabbit
2024-10-19 23:32:14.818882+00:00 [info] <0.230.0> Running boot step rabbit_mirror_queue_misc defined by app rabbit
2024-10-19 23:32:14.818981+00:00 [info] <0.230.0> Running boot step rabbit_policies defined by app rabbit
2024-10-19 23:32:14.819104+00:00 [info] <0.230.0> Running boot step rabbit_policy defined by app rabbit
2024-10-19 23:32:14.819126+00:00 [info] <0.230.0> Running boot step rabbit_queue_location_validator defined by app rabbit
2024-10-19 23:32:14.819144+00:00 [info] <0.230.0> Running boot step rabbit_quorum_memory_manager defined by app rabbit
2024-10-19 23:32:14.819162+00:00 [info] <0.230.0> Running boot step rabbit_stream_coordinator defined by app rabbit
2024-10-19 23:32:14.819295+00:00 [info] <0.230.0> Running boot step rabbit_vhost_limit defined by app rabbit
2024-10-19 23:32:14.819350+00:00 [info] <0.230.0> Running boot step recovery defined by app rabbit
2024-10-19 23:32:14.819938+00:00 [info] <0.424.0> Making sure data directory '/var/lib/rabbitmq/mnesia/rabbit@abb0d076b991/msg_stores/vhosts/628WB79CIFDYO9LJI6DKMI09L' for vhost '/' exists
2024-10-19 23:32:14.822044+00:00 [info] <0.424.0> Starting message stores for vhost '/'
2024-10-19 23:32:14.822216+00:00 [info] <0.434.0> Message store "628WB79CIFDYO9LJI6DKMI09L/msg_store_transient": using rabbit_msg_store_ets_index to provide index
2024-10-19 23:32:14.826551+00:00 [info] <0.424.0> Started message store of type transient for vhost '/'
2024-10-19 23:32:14.826694+00:00 [info] <0.438.0> Message store "628WB79CIFDYO9LJI6DKMI09L/msg_store_persistent": using rabbit_msg_store_ets_index to provide index
2024-10-19 23:32:14.830562+00:00 [info] <0.424.0> Started message store of type persistent for vhost '/'
2024-10-19 23:32:14.830737+00:00 [info] <0.424.0> Recovering 0 queues of type rabbit_classic_queue took 10ms
2024-10-19 23:32:14.830759+00:00 [info] <0.424.0> Recovering 0 queues of type rabbit_quorum_queue took 0ms
2024-10-19 23:32:14.830813+00:00 [info] <0.424.0> Recovering 0 queues of type rabbit_stream_queue took 0ms
2024-10-19 23:32:14.831782+00:00 [info] <0.230.0> Running boot step empty_db_check defined by app rabbit
2024-10-19 23:32:14.831844+00:00 [info] <0.230.0> Will not seed default virtual host and user: have definitions to load...
2024-10-19 23:32:14.831906+00:00 [info] <0.230.0> Running boot step rabbit_observer_cli defined by app rabbit
2024-10-19 23:32:14.831977+00:00 [info] <0.230.0> Running boot step rabbit_looking_glass defined by app rabbit
2024-10-19 23:32:14.831992+00:00 [info] <0.230.0> Running boot step rabbit_core_metrics_gc defined by app rabbit
2024-10-19 23:32:14.832123+00:00 [info] <0.230.0> Running boot step background_gc defined by app rabbit
2024-10-19 23:32:14.832209+00:00 [info] <0.230.0> Running boot step routing_ready defined by app rabbit
2024-10-19 23:32:14.832265+00:00 [info] <0.230.0> Running boot step pre_flight defined by app rabbit
2024-10-19 23:32:14.832295+00:00 [info] <0.230.0> Running boot step notify_cluster defined by app rabbit
2024-10-19 23:32:14.832331+00:00 [info] <0.230.0> Running boot step networking defined by app rabbit
2024-10-19 23:32:14.832361+00:00 [info] <0.230.0> Running boot step definition_import_worker_pool defined by app rabbit
2024-10-19 23:32:14.832410+00:00 [info] <0.338.0> Starting worker pool 'definition_import_pool' with 10 processes in it
2024-10-19 23:32:14.832816+00:00 [info] <0.230.0> Running boot step cluster_name defined by app rabbit
2024-10-19 23:32:14.832844+00:00 [info] <0.230.0> Running boot step direct_client defined by app rabbit
2024-10-19 23:32:14.832872+00:00 [info] <0.230.0> Running boot step rabbit_maintenance_mode_state defined by app rabbit
2024-10-19 23:32:14.832898+00:00 [info] <0.230.0> Creating table rabbit_node_maintenance_states for maintenance mode status
2024-10-19 23:32:14.833219+00:00 [info] <0.482.0> Resetting node maintenance status
2024-10-19 23:32:14.833309+00:00 [info] <0.482.0> Ready to start client connection listeners
2024-10-19 23:32:14.834451+00:00 [info] <0.500.0> started TCP listener on [::]:5672
2024-10-19 23:32:14.863711+00:00 [info] <0.482.0> Server startup complete; 0 plugins started.
2024-10-19 23:32:15.034785+00:00 [info] <0.9.0> Time to start RabbitMQ: 4696790 us
2024-10-19 23:32:33.319323+00:00 [notice] <0.61.0> SIGTERM received - shutting down
2024-10-19 23:32:33.319323+00:00 [notice] <0.61.0> 
2024-10-19 23:32:33.327694+00:00 [info] <0.230.0> Peer discovery backend rabbit_peer_discovery_classic_config does not support registration, skipping unregistration.
2024-10-19 23:32:33.328635+00:00 [info] <0.500.0> stopped TCP listener on [::]:5672
2024-10-19 23:32:33.333368+00:00 [info] <0.501.0> Closing all connections in vhost '/' on node 'rabbit@abb0d076b991' because the vhost is stopping
2024-10-19 23:32:33.333655+00:00 [info] <0.438.0> Stopping message store for directory '/var/lib/rabbitmq/mnesia/rabbit@abb0d076b991/msg_stores/vhosts/628WB79CIFDYO9LJI6DKMI09L/msg_store_persistent'
2024-10-19 23:32:33.339423+00:00 [info] <0.438.0> Message store for directory '/var/lib/rabbitmq/mnesia/rabbit@abb0d076b991/msg_stores/vhosts/628WB79CIFDYO9LJI6DKMI09L/msg_store_persistent' is stopped
2024-10-19 23:32:33.339619+00:00 [info] <0.434.0> Stopping message store for directory '/var/lib/rabbitmq/mnesia/rabbit@abb0d076b991/msg_stores/vhosts/628WB79CIFDYO9LJI6DKMI09L/msg_store_transient'
2024-10-19 23:32:33.343929+00:00 [info] <0.434.0> Message store for directory '/var/lib/rabbitmq/mnesia/rabbit@abb0d076b991/msg_stores/vhosts/628WB79CIFDYO9LJI6DKMI09L/msg_store_transient' is stopped
