2024-10-19 23:23:38.720065+00:00 [notice] <0.230.0> Logging: configured log handlers are now ACTIVE
2024-10-19 23:23:38.921116+00:00 [info] <0.230.0> ra: starting system quorum_queues
2024-10-19 23:23:38.921188+00:00 [info] <0.230.0> starting Ra system: quorum_queues in directory: /var/lib/rabbitmq/mnesia/rabbit@74bb1f07e97c/quorum/rabbit@74bb1f07e97c
2024-10-19 23:23:38.979678+00:00 [info] <0.262.0> ra system 'quorum_queues' running pre init for 0 registered servers
2024-10-19 23:23:38.988881+00:00 [info] <0.263.0> ra: meta data store initialised for system quorum_queues. 0 record(s) recovered
2024-10-19 23:23:39.004983+00:00 [notice] <0.268.0> WAL: ra_log_wal init, open tbls: ra_log_open_mem_tables, closed tbls: ra_log_closed_mem_tables
2024-10-19 23:23:39.011854+00:00 [info] <0.230.0> ra: starting system coordination
2024-10-19 23:23:39.011881+00:00 [info] <0.230.0> starting Ra system: coordination in directory: /var/lib/rabbitmq/mnesia/rabbit@74bb1f07e97c/coordination/rabbit@74bb1f07e97c
2024-10-19 23:23:39.014581+00:00 [info] <0.275.0> ra system 'coordination' running pre init for 0 registered servers
2024-10-19 23:23:39.016053+00:00 [info] <0.276.0> ra: meta data store initialised for system coordination. 0 record(s) recovered
2024-10-19 23:23:39.016132+00:00 [notice] <0.281.0> WAL: ra_coordination_log_wal init, open tbls: ra_coordination_log_open_mem_tables, closed tbls: ra_coordination_log_closed_mem_tables
2024-10-19 23:23:39.018380+00:00 [info] <0.230.0> 
2024-10-19 23:23:39.018380+00:00 [info] <0.230.0>  Starting RabbitMQ 3.12.12 on Erlang 25.3.2.8 [jit]
2024-10-19 23:23:39.018380+00:00 [info] <0.230.0>  Copyright (c) 2007-2023 Broadcom Inc and/or its subsidiaries
2024-10-19 23:23:39.018380+00:00 [info] <0.230.0>  Licensed under the MPL 2.0. Website: https://rabbitmq.com
2024-10-19 23:23:39.019647+00:00 [info] <0.230.0> 
2024-10-19 23:23:39.019647+00:00 [info] <0.230.0>  node           : rabbit@74bb1f07e97c
2024-10-19 23:23:39.019647+00:00 [info] <0.230.0>  home dir       : /var/lib/rabbitmq
2024-10-19 23:23:39.019647+00:00 [info] <0.230.0>  config file(s) : (none)
2024-10-19 23:23:39.019647+00:00 [info] <0.230.0>  cookie hash    : wT94PbAq/az5OHec4QxVag==
2024-10-19 23:23:39.019647+00:00 [info] <0.230.0>  log(s)         : /var/log/rabbitmq/rabbit@74bb1f07e97c.log
2024-10-19 23:23:39.019647+00:00 [info] <0.230.0>                 : <stdout>
2024-10-19 23:23:39.019647+00:00 [info] <0.230.0>  data dir       : /var/lib/rabbitmq/mnesia/rabbit@74bb1f07e97c
2024-10-19 23:23:40.081658+00:00 [info] <0.230.0> Running boot step pre_boot defined by app rabbit
2024-10-19 23:23:40.081728+00:00 [info] <0.230.0> Running boot step rabbit_global_counters defined by app rabbit
2024-10-19 23:23:40.081886+00:00 [info] <0.230.0> Running boot step rabbit_osiris_metrics defined by app rabbit
2024-10-19 23:23:40.081946+00:00 [info] <0.230.0> Running boot step rabbit_core_metrics defined by app rabbit
2024-10-19 23:23:40.082628+00:00 [info] <0.230.0> Running boot step rabbit_alarm defined by app rabbit
2024-10-19 23:23:40.084980+00:00 [info] <0.299.0> Memory high watermark set to 3135 MiB (3287814963 bytes) of 7838 MiB (8219537408 bytes) total
2024-10-19 23:23:40.086790+00:00 [info] <0.301.0> Enabling free disk space monitoring (disk free space: 332571160576, total memory: 8219537408)
2024-10-19 23:23:40.086826+00:00 [info] <0.301.0> Disk free limit set to 50MB
2024-10-19 23:23:40.087885+00:00 [info] <0.230.0> Running boot step code_server_cache defined by app rabbit
2024-10-19 23:23:40.087972+00:00 [info] <0.230.0> Running boot step file_handle_cache defined by app rabbit
2024-10-19 23:23:40.088089+00:00 [info] <0.304.0> Limiting to approx 1048479 file handles (943629 sockets)
2024-10-19 23:23:40.088143+00:00 [info] <0.305.0> FHC read buffering: OFF
2024-10-19 23:23:40.088158+00:00 [info] <0.305.0> FHC write buffering: ON
2024-10-19 23:23:40.088384+00:00 [info] <0.230.0> Running boot step worker_pool defined by app rabbit
2024-10-19 23:23:40.088411+00:00 [info] <0.283.0> Will use 10 processes for default worker pool
2024-10-19 23:23:40.088427+00:00 [info] <0.283.0> Starting worker pool 'worker_pool' with 10 processes in it
2024-10-19 23:23:40.088944+00:00 [info] <0.230.0> Running boot step database defined by app rabbit
2024-10-19 23:23:40.089877+00:00 [info] <0.230.0> Node database directory at /var/lib/rabbitmq/mnesia/rabbit@74bb1f07e97c is empty. Assuming we need to join an existing cluster or initialise from scratch...
2024-10-19 23:23:40.089929+00:00 [info] <0.230.0> Configured peer discovery backend: rabbit_peer_discovery_classic_config
2024-10-19 23:23:40.089952+00:00 [info] <0.230.0> Will try to lock with peer discovery backend rabbit_peer_discovery_classic_config
2024-10-19 23:23:40.090010+00:00 [info] <0.230.0> All discovered existing cluster peers:
2024-10-19 23:23:40.090034+00:00 [info] <0.230.0> Discovered no peer nodes to cluster with. Some discovery backends can filter nodes out based on a readiness criteria. Enabling debug logging might help troubleshoot.
2024-10-19 23:23:40.091665+00:00 [notice] <0.44.0> Application mnesia exited with reason: stopped
2024-10-19 23:23:40.138006+00:00 [info] <0.230.0> Waiting for Mnesia tables for 30000 ms, 9 retries left
2024-10-19 23:23:40.138129+00:00 [info] <0.230.0> Successfully synced tables from a peer
2024-10-19 23:23:40.138289+00:00 [notice] <0.284.0> Feature flags: attempt to enable `stream_sac_coordinator_unblock_group`...
2024-10-19 23:23:40.155222+00:00 [notice] <0.284.0> Feature flags: `stream_sac_coordinator_unblock_group` enabled
2024-10-19 23:23:40.155364+00:00 [notice] <0.284.0> Feature flags: attempt to enable `restart_streams`...
2024-10-19 23:23:40.171815+00:00 [notice] <0.284.0> Feature flags: `restart_streams` enabled
2024-10-19 23:23:40.171997+00:00 [info] <0.230.0> Waiting for Mnesia tables for 30000 ms, 9 retries left
2024-10-19 23:23:40.172074+00:00 [info] <0.230.0> Successfully synced tables from a peer
2024-10-19 23:23:40.174204+00:00 [info] <0.230.0> Waiting for Mnesia tables for 30000 ms, 9 retries left
2024-10-19 23:23:40.174333+00:00 [info] <0.230.0> Successfully synced tables from a peer
2024-10-19 23:23:40.174363+00:00 [info] <0.230.0> Peer discovery backend rabbit_peer_discovery_classic_config does not support registration, skipping registration.
2024-10-19 23:23:40.174409+00:00 [info] <0.230.0> Will try to unlock with peer discovery backend rabbit_peer_discovery_classic_config
2024-10-19 23:23:40.174565+00:00 [info] <0.230.0> Running boot step tracking_metadata_store defined by app rabbit
2024-10-19 23:23:40.174608+00:00 [info] <0.488.0> Setting up a table for connection tracking on this node: tracked_connection
2024-10-19 23:23:40.174633+00:00 [info] <0.488.0> Setting up a table for per-vhost connection counting on this node: tracked_connection_per_vhost
2024-10-19 23:23:40.174682+00:00 [info] <0.488.0> Setting up a table for per-user connection counting on this node: tracked_connection_per_user
2024-10-19 23:23:40.174705+00:00 [info] <0.488.0> Setting up a table for channel tracking on this node: tracked_channel
2024-10-19 23:23:40.174730+00:00 [info] <0.488.0> Setting up a table for channel tracking on this node: tracked_channel_per_user
2024-10-19 23:23:40.174767+00:00 [info] <0.230.0> Running boot step networking_metadata_store defined by app rabbit
2024-10-19 23:23:40.174815+00:00 [info] <0.230.0> Running boot step feature_flags defined by app rabbit
2024-10-19 23:23:40.174890+00:00 [info] <0.230.0> Running boot step codec_correctness_check defined by app rabbit
2024-10-19 23:23:40.174915+00:00 [info] <0.230.0> Running boot step external_infrastructure defined by app rabbit
2024-10-19 23:23:40.174945+00:00 [info] <0.230.0> Running boot step rabbit_event defined by app rabbit
2024-10-19 23:23:40.175040+00:00 [info] <0.230.0> Running boot step rabbit_registry defined by app rabbit
2024-10-19 23:23:40.175089+00:00 [info] <0.230.0> Running boot step rabbit_auth_mechanism_amqplain defined by app rabbit
2024-10-19 23:23:40.175143+00:00 [info] <0.230.0> Running boot step rabbit_auth_mechanism_cr_demo defined by app rabbit
2024-10-19 23:23:40.175171+00:00 [info] <0.230.0> Running boot step rabbit_auth_mechanism_plain defined by app rabbit
2024-10-19 23:23:40.175202+00:00 [info] <0.230.0> Running boot step rabbit_exchange_type_direct defined by app rabbit
2024-10-19 23:23:40.175241+00:00 [info] <0.230.0> Running boot step rabbit_exchange_type_fanout defined by app rabbit
2024-10-19 23:23:40.175288+00:00 [info] <0.230.0> Running boot step rabbit_exchange_type_headers defined by app rabbit
2024-10-19 23:23:40.175333+00:00 [info] <0.230.0> Running boot step rabbit_exchange_type_topic defined by app rabbit
2024-10-19 23:23:40.175358+00:00 [info] <0.230.0> Running boot step rabbit_mirror_queue_mode_all defined by app rabbit
2024-10-19 23:23:40.175391+00:00 [info] <0.230.0> Running boot step rabbit_mirror_queue_mode_exactly defined by app rabbit
2024-10-19 23:23:40.175415+00:00 [info] <0.230.0> Running boot step rabbit_mirror_queue_mode_nodes defined by app rabbit
2024-10-19 23:23:40.175439+00:00 [info] <0.230.0> Running boot step rabbit_priority_queue defined by app rabbit
2024-10-19 23:23:40.175455+00:00 [info] <0.230.0> Priority queues enabled, real BQ is rabbit_variable_queue
2024-10-19 23:23:40.175507+00:00 [info] <0.230.0> Running boot step rabbit_queue_location_client_local defined by app rabbit
2024-10-19 23:23:40.175531+00:00 [info] <0.230.0> Running boot step rabbit_queue_location_min_masters defined by app rabbit
2024-10-19 23:23:40.175562+00:00 [info] <0.230.0> Running boot step rabbit_queue_location_random defined by app rabbit
2024-10-19 23:23:40.175580+00:00 [info] <0.230.0> Running boot step kernel_ready defined by app rabbit
2024-10-19 23:23:40.175590+00:00 [info] <0.230.0> Running boot step rabbit_sysmon_minder defined by app rabbit
2024-10-19 23:23:40.175668+00:00 [info] <0.230.0> Running boot step rabbit_epmd_monitor defined by app rabbit
2024-10-19 23:23:40.176334+00:00 [info] <0.496.0> epmd monitor knows us, inter-node communication (distribution) port: 25672
2024-10-19 23:23:40.176405+00:00 [info] <0.230.0> Running boot step guid_generator defined by app rabbit
2024-10-19 23:23:40.177435+00:00 [info] <0.230.0> Running boot step rabbit_node_monitor defined by app rabbit
2024-10-19 23:23:40.177550+00:00 [info] <0.500.0> Starting rabbit_node_monitor (in ignore mode)
2024-10-19 23:23:40.177633+00:00 [info] <0.230.0> Running boot step delegate_sup defined by app rabbit
2024-10-19 23:23:40.178009+00:00 [info] <0.230.0> Running boot step rabbit_memory_monitor defined by app rabbit
2024-10-19 23:23:40.178135+00:00 [info] <0.230.0> Running boot step rabbit_fifo_dlx_sup defined by app rabbit
2024-10-19 23:23:40.178204+00:00 [info] <0.230.0> Running boot step core_initialized defined by app rabbit
2024-10-19 23:23:40.178224+00:00 [info] <0.230.0> Running boot step rabbit_channel_tracking_handler defined by app rabbit
2024-10-19 23:23:40.178293+00:00 [info] <0.230.0> Running boot step rabbit_connection_tracking_handler defined by app rabbit
2024-10-19 23:23:40.178331+00:00 [info] <0.230.0> Running boot step rabbit_definitions_hashing defined by app rabbit
2024-10-19 23:23:40.178369+00:00 [info] <0.230.0> Running boot step rabbit_exchange_parameters defined by app rabbit
2024-10-19 23:23:40.178590+00:00 [info] <0.230.0> Running boot step rabbit_mirror_queue_misc defined by app rabbit
2024-10-19 23:23:40.178840+00:00 [info] <0.230.0> Running boot step rabbit_policies defined by app rabbit
2024-10-19 23:23:40.179008+00:00 [info] <0.230.0> Running boot step rabbit_policy defined by app rabbit
2024-10-19 23:23:40.179049+00:00 [info] <0.230.0> Running boot step rabbit_queue_location_validator defined by app rabbit
2024-10-19 23:23:40.179077+00:00 [info] <0.230.0> Running boot step rabbit_quorum_memory_manager defined by app rabbit
2024-10-19 23:23:40.179109+00:00 [info] <0.230.0> Running boot step rabbit_stream_coordinator defined by app rabbit
2024-10-19 23:23:40.179249+00:00 [info] <0.230.0> Running boot step rabbit_vhost_limit defined by app rabbit
2024-10-19 23:23:40.179307+00:00 [info] <0.230.0> Running boot step recovery defined by app rabbit
2024-10-19 23:23:40.179840+00:00 [info] <0.230.0> Running boot step empty_db_check defined by app rabbit
2024-10-19 23:23:40.179868+00:00 [info] <0.230.0> Will seed default virtual host and user...
2024-10-19 23:23:40.179929+00:00 [info] <0.230.0> Adding vhost '/' (description: 'Default virtual host', tags: [])
2024-10-19 23:23:40.180542+00:00 [info] <0.230.0> Inserted a virtual host record {vhost,<<"/">>,[],
2024-10-19 23:23:40.180542+00:00 [info] <0.230.0>                                       #{description =>
2024-10-19 23:23:40.180542+00:00 [info] <0.230.0>                                             <<"Default virtual host">>,
2024-10-19 23:23:40.180542+00:00 [info] <0.230.0>                                         tags => []}}
2024-10-19 23:23:40.182614+00:00 [info] <0.541.0> Making sure data directory '/var/lib/rabbitmq/mnesia/rabbit@74bb1f07e97c/msg_stores/vhosts/628WB79CIFDYO9LJI6DKMI09L' for vhost '/' exists
2024-10-19 23:23:40.183930+00:00 [info] <0.541.0> Setting segment_entry_count for vhost '/' with 0 queues to '2048'
2024-10-19 23:23:40.185818+00:00 [info] <0.541.0> Starting message stores for vhost '/'
2024-10-19 23:23:40.185950+00:00 [info] <0.551.0> Message store "628WB79CIFDYO9LJI6DKMI09L/msg_store_transient": using rabbit_msg_store_ets_index to provide index
2024-10-19 23:23:40.187332+00:00 [info] <0.541.0> Started message store of type transient for vhost '/'
2024-10-19 23:23:40.187429+00:00 [info] <0.555.0> Message store "628WB79CIFDYO9LJI6DKMI09L/msg_store_persistent": using rabbit_msg_store_ets_index to provide index
2024-10-19 23:23:40.188578+00:00 [warning] <0.555.0> Message store "628WB79CIFDYO9LJI6DKMI09L/msg_store_persistent": rebuilding indices from scratch
2024-10-19 23:23:40.189562+00:00 [info] <0.541.0> Started message store of type persistent for vhost '/'
2024-10-19 23:23:40.189666+00:00 [info] <0.541.0> Recovering 0 queues of type rabbit_classic_queue took 5ms
2024-10-19 23:23:40.189687+00:00 [info] <0.541.0> Recovering 0 queues of type rabbit_quorum_queue took 0ms
2024-10-19 23:23:40.189725+00:00 [info] <0.541.0> Recovering 0 queues of type rabbit_stream_queue took 0ms
2024-10-19 23:23:40.190876+00:00 [info] <0.230.0> Created user 'guest'
2024-10-19 23:23:40.191481+00:00 [info] <0.230.0> Successfully set user tags for user 'guest' to [administrator]
2024-10-19 23:23:40.192275+00:00 [info] <0.230.0> Successfully set permissions for user 'guest' in virtual host '/' to '.*', '.*', '.*'
2024-10-19 23:23:40.192351+00:00 [info] <0.230.0> Running boot step rabbit_observer_cli defined by app rabbit
2024-10-19 23:23:40.192475+00:00 [info] <0.230.0> Running boot step rabbit_looking_glass defined by app rabbit
2024-10-19 23:23:40.192497+00:00 [info] <0.230.0> Running boot step rabbit_core_metrics_gc defined by app rabbit
2024-10-19 23:23:40.192599+00:00 [info] <0.230.0> Running boot step background_gc defined by app rabbit
2024-10-19 23:23:40.192659+00:00 [info] <0.230.0> Running boot step routing_ready defined by app rabbit
2024-10-19 23:23:40.192676+00:00 [info] <0.230.0> Running boot step pre_flight defined by app rabbit
2024-10-19 23:23:40.192695+00:00 [info] <0.230.0> Running boot step notify_cluster defined by app rabbit
2024-10-19 23:23:40.192724+00:00 [info] <0.230.0> Running boot step networking defined by app rabbit
2024-10-19 23:23:40.192745+00:00 [info] <0.230.0> Running boot step definition_import_worker_pool defined by app rabbit
2024-10-19 23:23:40.192789+00:00 [info] <0.283.0> Starting worker pool 'definition_import_pool' with 10 processes in it
2024-10-19 23:23:40.193195+00:00 [info] <0.230.0> Running boot step cluster_name defined by app rabbit
2024-10-19 23:23:40.193239+00:00 [info] <0.230.0> Initialising internal cluster ID to 'rabbitmq-cluster-id-yXaCRKWk9E4cTBQdvaB-Ow'
2024-10-19 23:23:40.193738+00:00 [info] <0.230.0> Running boot step direct_client defined by app rabbit
2024-10-19 23:23:40.193812+00:00 [info] <0.230.0> Running boot step rabbit_maintenance_mode_state defined by app rabbit
2024-10-19 23:23:40.193829+00:00 [info] <0.230.0> Creating table rabbit_node_maintenance_states for maintenance mode status
2024-10-19 23:23:40.197690+00:00 [info] <0.601.0> Resetting node maintenance status
2024-10-19 23:23:40.197815+00:00 [info] <0.601.0> Ready to start client connection listeners
2024-10-19 23:23:40.198987+00:00 [info] <0.619.0> started TCP listener on [::]:5672
2024-10-19 23:23:40.285714+00:00 [info] <0.601.0> Server startup complete; 0 plugins started.
2024-10-19 23:23:40.399784+00:00 [info] <0.9.0> Time to start RabbitMQ: 4150687 us
2024-10-19 23:24:19.253080+00:00 [notice] <0.61.0> SIGTERM received - shutting down
2024-10-19 23:24:19.253080+00:00 [notice] <0.61.0> 
2024-10-19 23:24:19.264429+00:00 [info] <0.230.0> Peer discovery backend rabbit_peer_discovery_classic_config does not support registration, skipping unregistration.
2024-10-19 23:24:19.265219+00:00 [info] <0.619.0> stopped TCP listener on [::]:5672
2024-10-19 23:24:19.268976+00:00 [info] <0.620.0> Closing all connections in vhost '/' on node 'rabbit@74bb1f07e97c' because the vhost is stopping
2024-10-19 23:24:19.269054+00:00 [info] <0.555.0> Stopping message store for directory '/var/lib/rabbitmq/mnesia/rabbit@74bb1f07e97c/msg_stores/vhosts/628WB79CIFDYO9LJI6DKMI09L/msg_store_persistent'
2024-10-19 23:24:19.275867+00:00 [info] <0.555.0> Message store for directory '/var/lib/rabbitmq/mnesia/rabbit@74bb1f07e97c/msg_stores/vhosts/628WB79CIFDYO9LJI6DKMI09L/msg_store_persistent' is stopped
2024-10-19 23:24:19.276046+00:00 [info] <0.551.0> Stopping message store for directory '/var/lib/rabbitmq/mnesia/rabbit@74bb1f07e97c/msg_stores/vhosts/628WB79CIFDYO9LJI6DKMI09L/msg_store_transient'
2024-10-19 23:24:19.279629+00:00 [info] <0.551.0> Message store for directory '/var/lib/rabbitmq/mnesia/rabbit@74bb1f07e97c/msg_stores/vhosts/628WB79CIFDYO9LJI6DKMI09L/msg_store_transient' is stopped
2024-10-19 23:24:21.991476+00:00 [notice] <0.230.0> Logging: configured log handlers are now ACTIVE
2024-10-19 23:24:22.151831+00:00 [info] <0.230.0> ra: starting system quorum_queues
2024-10-19 23:24:22.151909+00:00 [info] <0.230.0> starting Ra system: quorum_queues in directory: /var/lib/rabbitmq/mnesia/rabbit@74bb1f07e97c/quorum/rabbit@74bb1f07e97c
2024-10-19 23:24:22.164370+00:00 [info] <0.348.0> ra system 'quorum_queues' running pre init for 0 registered servers
2024-10-19 23:24:22.169480+00:00 [info] <0.349.0> ra: meta data store initialised for system quorum_queues. 0 record(s) recovered
2024-10-19 23:24:22.178329+00:00 [notice] <0.354.0> WAL: ra_log_wal init, open tbls: ra_log_open_mem_tables, closed tbls: ra_log_closed_mem_tables
2024-10-19 23:24:22.184642+00:00 [info] <0.230.0> ra: starting system coordination
2024-10-19 23:24:22.184678+00:00 [info] <0.230.0> starting Ra system: coordination in directory: /var/lib/rabbitmq/mnesia/rabbit@74bb1f07e97c/coordination/rabbit@74bb1f07e97c
2024-10-19 23:24:22.185463+00:00 [info] <0.361.0> ra system 'coordination' running pre init for 0 registered servers
2024-10-19 23:24:22.185912+00:00 [info] <0.362.0> ra: meta data store initialised for system coordination. 0 record(s) recovered
2024-10-19 23:24:22.186010+00:00 [notice] <0.367.0> WAL: ra_coordination_log_wal init, open tbls: ra_coordination_log_open_mem_tables, closed tbls: ra_coordination_log_closed_mem_tables
2024-10-19 23:24:22.187651+00:00 [info] <0.230.0> 
2024-10-19 23:24:22.187651+00:00 [info] <0.230.0>  Starting RabbitMQ 3.12.12 on Erlang 25.3.2.8 [jit]
2024-10-19 23:24:22.187651+00:00 [info] <0.230.0>  Copyright (c) 2007-2023 Broadcom Inc and/or its subsidiaries
2024-10-19 23:24:22.187651+00:00 [info] <0.230.0>  Licensed under the MPL 2.0. Website: https://rabbitmq.com
2024-10-19 23:24:22.188167+00:00 [info] <0.230.0> 
2024-10-19 23:24:22.188167+00:00 [info] <0.230.0>  node           : rabbit@74bb1f07e97c
2024-10-19 23:24:22.188167+00:00 [info] <0.230.0>  home dir       : /var/lib/rabbitmq
2024-10-19 23:24:22.188167+00:00 [info] <0.230.0>  config file(s) : (none)
2024-10-19 23:24:22.188167+00:00 [info] <0.230.0>  cookie hash    : wT94PbAq/az5OHec4QxVag==
2024-10-19 23:24:22.188167+00:00 [info] <0.230.0>  log(s)         : /var/log/rabbitmq/rabbit@74bb1f07e97c.log
2024-10-19 23:24:22.188167+00:00 [info] <0.230.0>                 : <stdout>
2024-10-19 23:24:22.188167+00:00 [info] <0.230.0>  data dir       : /var/lib/rabbitmq/mnesia/rabbit@74bb1f07e97c
2024-10-19 23:24:22.959766+00:00 [info] <0.230.0> Running boot step pre_boot defined by app rabbit
2024-10-19 23:24:22.959827+00:00 [info] <0.230.0> Running boot step rabbit_global_counters defined by app rabbit
2024-10-19 23:24:22.960050+00:00 [info] <0.230.0> Running boot step rabbit_osiris_metrics defined by app rabbit
2024-10-19 23:24:22.960101+00:00 [info] <0.230.0> Running boot step rabbit_core_metrics defined by app rabbit
2024-10-19 23:24:22.960734+00:00 [info] <0.230.0> Running boot step rabbit_alarm defined by app rabbit
2024-10-19 23:24:22.962770+00:00 [info] <0.385.0> Memory high watermark set to 3135 MiB (3287814963 bytes) of 7838 MiB (8219537408 bytes) total
2024-10-19 23:24:22.964457+00:00 [info] <0.387.0> Enabling free disk space monitoring (disk free space: 332562882560, total memory: 8219537408)
2024-10-19 23:24:22.964489+00:00 [info] <0.387.0> Disk free limit set to 50MB
2024-10-19 23:24:22.965344+00:00 [info] <0.230.0> Running boot step code_server_cache defined by app rabbit
2024-10-19 23:24:22.965422+00:00 [info] <0.230.0> Running boot step file_handle_cache defined by app rabbit
2024-10-19 23:24:22.965503+00:00 [info] <0.390.0> Limiting to approx 1048479 file handles (943629 sockets)
2024-10-19 23:24:22.965576+00:00 [info] <0.391.0> FHC read buffering: OFF
2024-10-19 23:24:22.965591+00:00 [info] <0.391.0> FHC write buffering: ON
2024-10-19 23:24:22.965780+00:00 [info] <0.230.0> Running boot step worker_pool defined by app rabbit
2024-10-19 23:24:22.965799+00:00 [info] <0.369.0> Will use 10 processes for default worker pool
2024-10-19 23:24:22.965815+00:00 [info] <0.369.0> Starting worker pool 'worker_pool' with 10 processes in it
2024-10-19 23:24:22.966069+00:00 [info] <0.230.0> Running boot step database defined by app rabbit
2024-10-19 23:24:22.967910+00:00 [info] <0.230.0> Waiting for Mnesia tables for 30000 ms, 9 retries left
2024-10-19 23:24:22.968531+00:00 [info] <0.230.0> Successfully synced tables from a peer
2024-10-19 23:24:22.970549+00:00 [info] <0.230.0> Waiting for Mnesia tables for 30000 ms, 9 retries left
2024-10-19 23:24:22.970603+00:00 [info] <0.230.0> Successfully synced tables from a peer
2024-10-19 23:24:22.970617+00:00 [info] <0.230.0> Peer discovery backend rabbit_peer_discovery_classic_config does not support registration, skipping registration.
2024-10-19 23:24:22.970672+00:00 [info] <0.230.0> Running boot step tracking_metadata_store defined by app rabbit
2024-10-19 23:24:22.970722+00:00 [info] <0.411.0> Setting up a table for connection tracking on this node: tracked_connection
2024-10-19 23:24:22.970748+00:00 [info] <0.411.0> Setting up a table for per-vhost connection counting on this node: tracked_connection_per_vhost
2024-10-19 23:24:22.970782+00:00 [info] <0.411.0> Setting up a table for per-user connection counting on this node: tracked_connection_per_user
2024-10-19 23:24:22.970802+00:00 [info] <0.411.0> Setting up a table for channel tracking on this node: tracked_channel
2024-10-19 23:24:22.970827+00:00 [info] <0.411.0> Setting up a table for channel tracking on this node: tracked_channel_per_user
2024-10-19 23:24:22.970858+00:00 [info] <0.230.0> Running boot step networking_metadata_store defined by app rabbit
2024-10-19 23:24:22.970880+00:00 [info] <0.230.0> Running boot step feature_flags defined by app rabbit
2024-10-19 23:24:22.970958+00:00 [info] <0.230.0> Running boot step codec_correctness_check defined by app rabbit
2024-10-19 23:24:22.970974+00:00 [info] <0.230.0> Running boot step external_infrastructure defined by app rabbit
2024-10-19 23:24:22.971030+00:00 [info] <0.230.0> Running boot step rabbit_event defined by app rabbit
2024-10-19 23:24:22.971164+00:00 [info] <0.230.0> Running boot step rabbit_registry defined by app rabbit
2024-10-19 23:24:22.971234+00:00 [info] <0.230.0> Running boot step rabbit_auth_mechanism_amqplain defined by app rabbit
2024-10-19 23:24:22.971269+00:00 [info] <0.230.0> Running boot step rabbit_auth_mechanism_cr_demo defined by app rabbit
2024-10-19 23:24:22.971323+00:00 [info] <0.230.0> Running boot step rabbit_auth_mechanism_plain defined by app rabbit
2024-10-19 23:24:22.971371+00:00 [info] <0.230.0> Running boot step rabbit_exchange_type_direct defined by app rabbit
2024-10-19 23:24:22.971420+00:00 [info] <0.230.0> Running boot step rabbit_exchange_type_fanout defined by app rabbit
2024-10-19 23:24:22.971452+00:00 [info] <0.230.0> Running boot step rabbit_exchange_type_headers defined by app rabbit
2024-10-19 23:24:22.971480+00:00 [info] <0.230.0> Running boot step rabbit_exchange_type_topic defined by app rabbit
2024-10-19 23:24:22.971506+00:00 [info] <0.230.0> Running boot step rabbit_mirror_queue_mode_all defined by app rabbit
2024-10-19 23:24:22.971541+00:00 [info] <0.230.0> Running boot step rabbit_mirror_queue_mode_exactly defined by app rabbit
2024-10-19 23:24:22.971645+00:00 [info] <0.230.0> Running boot step rabbit_mirror_queue_mode_nodes defined by app rabbit
2024-10-19 23:24:22.971680+00:00 [info] <0.230.0> Running boot step rabbit_priority_queue defined by app rabbit
2024-10-19 23:24:22.971738+00:00 [info] <0.230.0> Priority queues enabled, real BQ is rabbit_variable_queue
2024-10-19 23:24:22.971825+00:00 [info] <0.230.0> Running boot step rabbit_queue_location_client_local defined by app rabbit
2024-10-19 23:24:22.971883+00:00 [info] <0.230.0> Running boot step rabbit_queue_location_min_masters defined by app rabbit
2024-10-19 23:24:22.971919+00:00 [info] <0.230.0> Running boot step rabbit_queue_location_random defined by app rabbit
2024-10-19 23:24:22.971957+00:00 [info] <0.230.0> Running boot step kernel_ready defined by app rabbit
2024-10-19 23:24:22.971982+00:00 [info] <0.230.0> Running boot step rabbit_sysmon_minder defined by app rabbit
2024-10-19 23:24:22.972084+00:00 [info] <0.230.0> Running boot step rabbit_epmd_monitor defined by app rabbit
2024-10-19 23:24:22.972588+00:00 [info] <0.419.0> epmd monitor knows us, inter-node communication (distribution) port: 25672
2024-10-19 23:24:22.972659+00:00 [info] <0.230.0> Running boot step guid_generator defined by app rabbit
2024-10-19 23:24:22.973532+00:00 [info] <0.230.0> Running boot step rabbit_node_monitor defined by app rabbit
2024-10-19 23:24:22.973664+00:00 [info] <0.423.0> Starting rabbit_node_monitor (in ignore mode)
2024-10-19 23:24:22.973727+00:00 [info] <0.230.0> Running boot step delegate_sup defined by app rabbit
2024-10-19 23:24:22.973944+00:00 [info] <0.230.0> Running boot step rabbit_memory_monitor defined by app rabbit
2024-10-19 23:24:22.974036+00:00 [info] <0.230.0> Running boot step rabbit_fifo_dlx_sup defined by app rabbit
2024-10-19 23:24:22.974081+00:00 [info] <0.230.0> Running boot step core_initialized defined by app rabbit
2024-10-19 23:24:22.974093+00:00 [info] <0.230.0> Running boot step rabbit_channel_tracking_handler defined by app rabbit
2024-10-19 23:24:22.974133+00:00 [info] <0.230.0> Running boot step rabbit_connection_tracking_handler defined by app rabbit
2024-10-19 23:24:22.974157+00:00 [info] <0.230.0> Running boot step rabbit_definitions_hashing defined by app rabbit
2024-10-19 23:24:22.974182+00:00 [info] <0.230.0> Running boot step rabbit_exchange_parameters defined by app rabbit
2024-10-19 23:24:22.974261+00:00 [info] <0.230.0> Running boot step rabbit_mirror_queue_misc defined by app rabbit
2024-10-19 23:24:22.974357+00:00 [info] <0.230.0> Running boot step rabbit_policies defined by app rabbit
2024-10-19 23:24:22.974501+00:00 [info] <0.230.0> Running boot step rabbit_policy defined by app rabbit
2024-10-19 23:24:22.974526+00:00 [info] <0.230.0> Running boot step rabbit_queue_location_validator defined by app rabbit
2024-10-19 23:24:22.974547+00:00 [info] <0.230.0> Running boot step rabbit_quorum_memory_manager defined by app rabbit
2024-10-19 23:24:22.974573+00:00 [info] <0.230.0> Running boot step rabbit_stream_coordinator defined by app rabbit
2024-10-19 23:24:22.974655+00:00 [info] <0.230.0> Running boot step rabbit_vhost_limit defined by app rabbit
2024-10-19 23:24:22.974709+00:00 [info] <0.230.0> Running boot step recovery defined by app rabbit
2024-10-19 23:24:22.975244+00:00 [info] <0.455.0> Making sure data directory '/var/lib/rabbitmq/mnesia/rabbit@74bb1f07e97c/msg_stores/vhosts/628WB79CIFDYO9LJI6DKMI09L' for vhost '/' exists
2024-10-19 23:24:22.977191+00:00 [info] <0.455.0> Starting message stores for vhost '/'
2024-10-19 23:24:22.977282+00:00 [info] <0.465.0> Message store "628WB79CIFDYO9LJI6DKMI09L/msg_store_transient": using rabbit_msg_store_ets_index to provide index
2024-10-19 23:24:22.979113+00:00 [info] <0.455.0> Started message store of type transient for vhost '/'
2024-10-19 23:24:22.979188+00:00 [info] <0.469.0> Message store "628WB79CIFDYO9LJI6DKMI09L/msg_store_persistent": using rabbit_msg_store_ets_index to provide index
2024-10-19 23:24:22.982074+00:00 [info] <0.455.0> Started message store of type persistent for vhost '/'
2024-10-19 23:24:22.982175+00:00 [info] <0.455.0> Recovering 0 queues of type rabbit_classic_queue took 6ms
2024-10-19 23:24:22.982195+00:00 [info] <0.455.0> Recovering 0 queues of type rabbit_quorum_queue took 0ms
2024-10-19 23:24:22.982267+00:00 [info] <0.455.0> Recovering 0 queues of type rabbit_stream_queue took 0ms
2024-10-19 23:24:22.983043+00:00 [info] <0.230.0> Running boot step empty_db_check defined by app rabbit
2024-10-19 23:24:22.983070+00:00 [info] <0.230.0> Will not seed default virtual host and user: have definitions to load...
2024-10-19 23:24:22.983105+00:00 [info] <0.230.0> Running boot step rabbit_observer_cli defined by app rabbit
2024-10-19 23:24:22.983143+00:00 [info] <0.230.0> Running boot step rabbit_looking_glass defined by app rabbit
2024-10-19 23:24:22.983158+00:00 [info] <0.230.0> Running boot step rabbit_core_metrics_gc defined by app rabbit
2024-10-19 23:24:22.983283+00:00 [info] <0.230.0> Running boot step background_gc defined by app rabbit
2024-10-19 23:24:22.983350+00:00 [info] <0.230.0> Running boot step routing_ready defined by app rabbit
2024-10-19 23:24:22.983363+00:00 [info] <0.230.0> Running boot step pre_flight defined by app rabbit
2024-10-19 23:24:22.983402+00:00 [info] <0.230.0> Running boot step notify_cluster defined by app rabbit
2024-10-19 23:24:22.983455+00:00 [info] <0.230.0> Running boot step networking defined by app rabbit
2024-10-19 23:24:22.983562+00:00 [info] <0.230.0> Running boot step definition_import_worker_pool defined by app rabbit
2024-10-19 23:24:22.983659+00:00 [info] <0.369.0> Starting worker pool 'definition_import_pool' with 10 processes in it
2024-10-19 23:24:22.984012+00:00 [info] <0.230.0> Running boot step cluster_name defined by app rabbit
2024-10-19 23:24:22.984049+00:00 [info] <0.230.0> Running boot step direct_client defined by app rabbit
2024-10-19 23:24:22.984082+00:00 [info] <0.230.0> Running boot step rabbit_maintenance_mode_state defined by app rabbit
2024-10-19 23:24:22.984101+00:00 [info] <0.230.0> Creating table rabbit_node_maintenance_states for maintenance mode status
2024-10-19 23:24:22.984356+00:00 [info] <0.513.0> Resetting node maintenance status
2024-10-19 23:24:22.984456+00:00 [info] <0.513.0> Ready to start client connection listeners
2024-10-19 23:24:22.985501+00:00 [info] <0.531.0> started TCP listener on [::]:5672
2024-10-19 23:24:23.057556+00:00 [info] <0.513.0> Server startup complete; 0 plugins started.
2024-10-19 23:24:23.186737+00:00 [info] <0.9.0> Time to start RabbitMQ: 2294803 us
2024-10-19 23:24:29.686133+00:00 [notice] <0.61.0> SIGTERM received - shutting down
2024-10-19 23:24:29.686133+00:00 [notice] <0.61.0> 
2024-10-19 23:24:29.687671+00:00 [info] <0.230.0> Peer discovery backend rabbit_peer_discovery_classic_config does not support registration, skipping unregistration.
2024-10-19 23:24:29.688241+00:00 [info] <0.531.0> stopped TCP listener on [::]:5672
2024-10-19 23:24:29.689848+00:00 [info] <0.469.0> Stopping message store for directory '/var/lib/rabbitmq/mnesia/rabbit@74bb1f07e97c/msg_stores/vhosts/628WB79CIFDYO9LJI6DKMI09L/msg_store_persistent'
2024-10-19 23:24:29.689814+00:00 [info] <0.532.0> Closing all connections in vhost '/' on node 'rabbit@74bb1f07e97c' because the vhost is stopping
2024-10-19 23:24:29.697050+00:00 [info] <0.469.0> Message store for directory '/var/lib/rabbitmq/mnesia/rabbit@74bb1f07e97c/msg_stores/vhosts/628WB79CIFDYO9LJI6DKMI09L/msg_store_persistent' is stopped
2024-10-19 23:24:29.697202+00:00 [info] <0.465.0> Stopping message store for directory '/var/lib/rabbitmq/mnesia/rabbit@74bb1f07e97c/msg_stores/vhosts/628WB79CIFDYO9LJI6DKMI09L/msg_store_transient'
2024-10-19 23:24:29.700992+00:00 [info] <0.465.0> Message store for directory '/var/lib/rabbitmq/mnesia/rabbit@74bb1f07e97c/msg_stores/vhosts/628WB79CIFDYO9LJI6DKMI09L/msg_store_transient' is stopped
2024-10-19 23:24:34.193808+00:00 [notice] <0.230.0> Logging: configured log handlers are now ACTIVE
2024-10-19 23:24:34.466061+00:00 [info] <0.230.0> ra: starting system quorum_queues
2024-10-19 23:24:34.466261+00:00 [info] <0.230.0> starting Ra system: quorum_queues in directory: /var/lib/rabbitmq/mnesia/rabbit@74bb1f07e97c/quorum/rabbit@74bb1f07e97c
2024-10-19 23:24:34.485153+00:00 [info] <0.317.0> ra system 'quorum_queues' running pre init for 0 registered servers
2024-10-19 23:24:34.491756+00:00 [info] <0.318.0> ra: meta data store initialised for system quorum_queues. 0 record(s) recovered
2024-10-19 23:24:34.501486+00:00 [notice] <0.323.0> WAL: ra_log_wal init, open tbls: ra_log_open_mem_tables, closed tbls: ra_log_closed_mem_tables
2024-10-19 23:24:34.509903+00:00 [info] <0.230.0> ra: starting system coordination
2024-10-19 23:24:34.510010+00:00 [info] <0.230.0> starting Ra system: coordination in directory: /var/lib/rabbitmq/mnesia/rabbit@74bb1f07e97c/coordination/rabbit@74bb1f07e97c
2024-10-19 23:24:34.513491+00:00 [info] <0.330.0> ra system 'coordination' running pre init for 0 registered servers
2024-10-19 23:24:34.515286+00:00 [info] <0.331.0> ra: meta data store initialised for system coordination. 0 record(s) recovered
2024-10-19 23:24:34.515475+00:00 [notice] <0.336.0> WAL: ra_coordination_log_wal init, open tbls: ra_coordination_log_open_mem_tables, closed tbls: ra_coordination_log_closed_mem_tables
2024-10-19 23:24:34.525465+00:00 [info] <0.230.0> 
2024-10-19 23:24:34.525465+00:00 [info] <0.230.0>  Starting RabbitMQ 3.12.12 on Erlang 25.3.2.8 [jit]
2024-10-19 23:24:34.525465+00:00 [info] <0.230.0>  Copyright (c) 2007-2023 Broadcom Inc and/or its subsidiaries
2024-10-19 23:24:34.525465+00:00 [info] <0.230.0>  Licensed under the MPL 2.0. Website: https://rabbitmq.com
2024-10-19 23:24:34.526611+00:00 [info] <0.230.0> 
2024-10-19 23:24:34.526611+00:00 [info] <0.230.0>  node           : rabbit@74bb1f07e97c
2024-10-19 23:24:34.526611+00:00 [info] <0.230.0>  home dir       : /var/lib/rabbitmq
2024-10-19 23:24:34.526611+00:00 [info] <0.230.0>  config file(s) : (none)
2024-10-19 23:24:34.526611+00:00 [info] <0.230.0>  cookie hash    : wT94PbAq/az5OHec4QxVag==
2024-10-19 23:24:34.526611+00:00 [info] <0.230.0>  log(s)         : /var/log/rabbitmq/rabbit@74bb1f07e97c.log
2024-10-19 23:24:34.526611+00:00 [info] <0.230.0>                 : <stdout>
2024-10-19 23:24:34.526611+00:00 [info] <0.230.0>  data dir       : /var/lib/rabbitmq/mnesia/rabbit@74bb1f07e97c
2024-10-19 23:24:36.201843+00:00 [info] <0.230.0> Running boot step pre_boot defined by app rabbit
2024-10-19 23:24:36.202056+00:00 [info] <0.230.0> Running boot step rabbit_global_counters defined by app rabbit
2024-10-19 23:24:36.202409+00:00 [info] <0.230.0> Running boot step rabbit_osiris_metrics defined by app rabbit
2024-10-19 23:24:36.202602+00:00 [info] <0.230.0> Running boot step rabbit_core_metrics defined by app rabbit
2024-10-19 23:24:36.203515+00:00 [info] <0.230.0> Running boot step rabbit_alarm defined by app rabbit
2024-10-19 23:24:36.209322+00:00 [info] <0.354.0> Memory high watermark set to 3135 MiB (3287814963 bytes) of 7838 MiB (8219537408 bytes) total
2024-10-19 23:24:36.213815+00:00 [info] <0.356.0> Enabling free disk space monitoring (disk free space: 332564811776, total memory: 8219537408)
2024-10-19 23:24:36.213899+00:00 [info] <0.356.0> Disk free limit set to 50MB
2024-10-19 23:24:36.215284+00:00 [info] <0.230.0> Running boot step code_server_cache defined by app rabbit
2024-10-19 23:24:36.215408+00:00 [info] <0.230.0> Running boot step file_handle_cache defined by app rabbit
2024-10-19 23:24:36.215672+00:00 [info] <0.359.0> Limiting to approx 1048479 file handles (943629 sockets)
2024-10-19 23:24:36.215736+00:00 [info] <0.360.0> FHC read buffering: OFF
2024-10-19 23:24:36.215752+00:00 [info] <0.360.0> FHC write buffering: ON
2024-10-19 23:24:36.216083+00:00 [info] <0.230.0> Running boot step worker_pool defined by app rabbit
2024-10-19 23:24:36.216112+00:00 [info] <0.338.0> Will use 10 processes for default worker pool
2024-10-19 23:24:36.216129+00:00 [info] <0.338.0> Starting worker pool 'worker_pool' with 10 processes in it
2024-10-19 23:24:36.216494+00:00 [info] <0.230.0> Running boot step database defined by app rabbit
2024-10-19 23:24:36.219616+00:00 [info] <0.230.0> Waiting for Mnesia tables for 30000 ms, 9 retries left
2024-10-19 23:24:36.220094+00:00 [info] <0.230.0> Successfully synced tables from a peer
2024-10-19 23:24:36.236060+00:00 [info] <0.230.0> Waiting for Mnesia tables for 30000 ms, 9 retries left
2024-10-19 23:24:36.236279+00:00 [info] <0.230.0> Successfully synced tables from a peer
2024-10-19 23:24:36.236307+00:00 [info] <0.230.0> Peer discovery backend rabbit_peer_discovery_classic_config does not support registration, skipping registration.
2024-10-19 23:24:36.236793+00:00 [info] <0.230.0> Running boot step tracking_metadata_store defined by app rabbit
2024-10-19 23:24:36.236912+00:00 [info] <0.380.0> Setting up a table for connection tracking on this node: tracked_connection
2024-10-19 23:24:36.236967+00:00 [info] <0.380.0> Setting up a table for per-vhost connection counting on this node: tracked_connection_per_vhost
2024-10-19 23:24:36.237004+00:00 [info] <0.380.0> Setting up a table for per-user connection counting on this node: tracked_connection_per_user
2024-10-19 23:24:36.237026+00:00 [info] <0.380.0> Setting up a table for channel tracking on this node: tracked_channel
2024-10-19 23:24:36.237071+00:00 [info] <0.380.0> Setting up a table for channel tracking on this node: tracked_channel_per_user
2024-10-19 23:24:36.237102+00:00 [info] <0.230.0> Running boot step networking_metadata_store defined by app rabbit
2024-10-19 23:24:36.237139+00:00 [info] <0.230.0> Running boot step feature_flags defined by app rabbit
2024-10-19 23:24:36.237397+00:00 [info] <0.230.0> Running boot step codec_correctness_check defined by app rabbit
2024-10-19 23:24:36.237453+00:00 [info] <0.230.0> Running boot step external_infrastructure defined by app rabbit
2024-10-19 23:24:36.237479+00:00 [info] <0.230.0> Running boot step rabbit_event defined by app rabbit
2024-10-19 23:24:36.237550+00:00 [info] <0.230.0> Running boot step rabbit_registry defined by app rabbit
2024-10-19 23:24:36.237604+00:00 [info] <0.230.0> Running boot step rabbit_auth_mechanism_amqplain defined by app rabbit
2024-10-19 23:24:36.237656+00:00 [info] <0.230.0> Running boot step rabbit_auth_mechanism_cr_demo defined by app rabbit
2024-10-19 23:24:36.237698+00:00 [info] <0.230.0> Running boot step rabbit_auth_mechanism_plain defined by app rabbit
2024-10-19 23:24:36.237728+00:00 [info] <0.230.0> Running boot step rabbit_exchange_type_direct defined by app rabbit
2024-10-19 23:24:36.237759+00:00 [info] <0.230.0> Running boot step rabbit_exchange_type_fanout defined by app rabbit
2024-10-19 23:24:36.237784+00:00 [info] <0.230.0> Running boot step rabbit_exchange_type_headers defined by app rabbit
2024-10-19 23:24:36.237811+00:00 [info] <0.230.0> Running boot step rabbit_exchange_type_topic defined by app rabbit
2024-10-19 23:24:36.237836+00:00 [info] <0.230.0> Running boot step rabbit_mirror_queue_mode_all defined by app rabbit
2024-10-19 23:24:36.237864+00:00 [info] <0.230.0> Running boot step rabbit_mirror_queue_mode_exactly defined by app rabbit
2024-10-19 23:24:36.237903+00:00 [info] <0.230.0> Running boot step rabbit_mirror_queue_mode_nodes defined by app rabbit
2024-10-19 23:24:36.237954+00:00 [info] <0.230.0> Running boot step rabbit_priority_queue defined by app rabbit
2024-10-19 23:24:36.237990+00:00 [info] <0.230.0> Priority queues enabled, real BQ is rabbit_variable_queue
2024-10-19 23:24:36.238087+00:00 [info] <0.230.0> Running boot step rabbit_queue_location_client_local defined by app rabbit
2024-10-19 23:24:36.238131+00:00 [info] <0.230.0> Running boot step rabbit_queue_location_min_masters defined by app rabbit
2024-10-19 23:24:36.238162+00:00 [info] <0.230.0> Running boot step rabbit_queue_location_random defined by app rabbit
2024-10-19 23:24:36.238196+00:00 [info] <0.230.0> Running boot step kernel_ready defined by app rabbit
2024-10-19 23:24:36.238214+00:00 [info] <0.230.0> Running boot step rabbit_sysmon_minder defined by app rabbit
2024-10-19 23:24:36.238284+00:00 [info] <0.230.0> Running boot step rabbit_epmd_monitor defined by app rabbit
2024-10-19 23:24:36.242121+00:00 [info] <0.388.0> epmd monitor knows us, inter-node communication (distribution) port: 25672
2024-10-19 23:24:36.242350+00:00 [info] <0.230.0> Running boot step guid_generator defined by app rabbit
2024-10-19 23:24:36.244497+00:00 [info] <0.230.0> Running boot step rabbit_node_monitor defined by app rabbit
2024-10-19 23:24:36.244775+00:00 [info] <0.392.0> Starting rabbit_node_monitor (in ignore mode)
2024-10-19 23:24:36.244875+00:00 [info] <0.230.0> Running boot step delegate_sup defined by app rabbit
2024-10-19 23:24:36.245183+00:00 [info] <0.230.0> Running boot step rabbit_memory_monitor defined by app rabbit
2024-10-19 23:24:36.245311+00:00 [info] <0.230.0> Running boot step rabbit_fifo_dlx_sup defined by app rabbit
2024-10-19 23:24:36.245359+00:00 [info] <0.230.0> Running boot step core_initialized defined by app rabbit
2024-10-19 23:24:36.245371+00:00 [info] <0.230.0> Running boot step rabbit_channel_tracking_handler defined by app rabbit
2024-10-19 23:24:36.245399+00:00 [info] <0.230.0> Running boot step rabbit_connection_tracking_handler defined by app rabbit
2024-10-19 23:24:36.245425+00:00 [info] <0.230.0> Running boot step rabbit_definitions_hashing defined by app rabbit
2024-10-19 23:24:36.245458+00:00 [info] <0.230.0> Running boot step rabbit_exchange_parameters defined by app rabbit
2024-10-19 23:24:36.245745+00:00 [info] <0.230.0> Running boot step rabbit_mirror_queue_misc defined by app rabbit
2024-10-19 23:24:36.245885+00:00 [info] <0.230.0> Running boot step rabbit_policies defined by app rabbit
2024-10-19 23:24:36.246081+00:00 [info] <0.230.0> Running boot step rabbit_policy defined by app rabbit
2024-10-19 23:24:36.246113+00:00 [info] <0.230.0> Running boot step rabbit_queue_location_validator defined by app rabbit
2024-10-19 23:24:36.246137+00:00 [info] <0.230.0> Running boot step rabbit_quorum_memory_manager defined by app rabbit
2024-10-19 23:24:36.246163+00:00 [info] <0.230.0> Running boot step rabbit_stream_coordinator defined by app rabbit
2024-10-19 23:24:36.246529+00:00 [info] <0.230.0> Running boot step rabbit_vhost_limit defined by app rabbit
2024-10-19 23:24:36.246638+00:00 [info] <0.230.0> Running boot step recovery defined by app rabbit
2024-10-19 23:24:36.247979+00:00 [info] <0.424.0> Making sure data directory '/var/lib/rabbitmq/mnesia/rabbit@74bb1f07e97c/msg_stores/vhosts/628WB79CIFDYO9LJI6DKMI09L' for vhost '/' exists
2024-10-19 23:24:36.251137+00:00 [info] <0.424.0> Starting message stores for vhost '/'
2024-10-19 23:24:36.251341+00:00 [info] <0.434.0> Message store "628WB79CIFDYO9LJI6DKMI09L/msg_store_transient": using rabbit_msg_store_ets_index to provide index
2024-10-19 23:24:36.256408+00:00 [info] <0.424.0> Started message store of type transient for vhost '/'
2024-10-19 23:24:36.257302+00:00 [info] <0.438.0> Message store "628WB79CIFDYO9LJI6DKMI09L/msg_store_persistent": using rabbit_msg_store_ets_index to provide index
2024-10-19 23:24:36.273960+00:00 [info] <0.424.0> Started message store of type persistent for vhost '/'
2024-10-19 23:24:36.274136+00:00 [info] <0.424.0> Recovering 0 queues of type rabbit_classic_queue took 25ms
2024-10-19 23:24:36.274170+00:00 [info] <0.424.0> Recovering 0 queues of type rabbit_quorum_queue took 0ms
2024-10-19 23:24:36.274200+00:00 [info] <0.424.0> Recovering 0 queues of type rabbit_stream_queue took 0ms
2024-10-19 23:24:36.275692+00:00 [info] <0.230.0> Running boot step empty_db_check defined by app rabbit
2024-10-19 23:24:36.275813+00:00 [info] <0.230.0> Will not seed default virtual host and user: have definitions to load...
2024-10-19 23:24:36.275847+00:00 [info] <0.230.0> Running boot step rabbit_observer_cli defined by app rabbit
2024-10-19 23:24:36.275902+00:00 [info] <0.230.0> Running boot step rabbit_looking_glass defined by app rabbit
2024-10-19 23:24:36.275959+00:00 [info] <0.230.0> Running boot step rabbit_core_metrics_gc defined by app rabbit
2024-10-19 23:24:36.276306+00:00 [info] <0.230.0> Running boot step background_gc defined by app rabbit
2024-10-19 23:24:36.276418+00:00 [info] <0.230.0> Running boot step routing_ready defined by app rabbit
2024-10-19 23:24:36.276436+00:00 [info] <0.230.0> Running boot step pre_flight defined by app rabbit
2024-10-19 23:24:36.276663+00:00 [info] <0.230.0> Running boot step notify_cluster defined by app rabbit
2024-10-19 23:24:36.276725+00:00 [info] <0.230.0> Running boot step networking defined by app rabbit
2024-10-19 23:24:36.276754+00:00 [info] <0.230.0> Running boot step definition_import_worker_pool defined by app rabbit
2024-10-19 23:24:36.276851+00:00 [info] <0.338.0> Starting worker pool 'definition_import_pool' with 10 processes in it
2024-10-19 23:24:36.277148+00:00 [info] <0.230.0> Running boot step cluster_name defined by app rabbit
2024-10-19 23:24:36.277507+00:00 [info] <0.230.0> Running boot step direct_client defined by app rabbit
2024-10-19 23:24:36.277597+00:00 [info] <0.230.0> Running boot step rabbit_maintenance_mode_state defined by app rabbit
2024-10-19 23:24:36.277625+00:00 [info] <0.230.0> Creating table rabbit_node_maintenance_states for maintenance mode status
2024-10-19 23:24:36.278504+00:00 [info] <0.482.0> Resetting node maintenance status
2024-10-19 23:24:36.278630+00:00 [info] <0.482.0> Ready to start client connection listeners
2024-10-19 23:24:36.286976+00:00 [info] <0.500.0> started TCP listener on [::]:5672
2024-10-19 23:24:36.321845+00:00 [info] <0.482.0> Server startup complete; 0 plugins started.
2024-10-19 23:24:36.481102+00:00 [info] <0.9.0> Time to start RabbitMQ: 3970323 us
2024-10-19 23:27:30.076502+00:00 [notice] <0.230.0> Logging: configured log handlers are now ACTIVE
2024-10-19 23:27:30.336149+00:00 [info] <0.230.0> ra: starting system quorum_queues
2024-10-19 23:27:30.336228+00:00 [info] <0.230.0> starting Ra system: quorum_queues in directory: /var/lib/rabbitmq/mnesia/rabbit@74bb1f07e97c/quorum/rabbit@74bb1f07e97c
2024-10-19 23:27:30.369158+00:00 [info] <0.317.0> ra system 'quorum_queues' running pre init for 0 registered servers
2024-10-19 23:27:30.383751+00:00 [info] <0.318.0> ra: meta data store initialised for system quorum_queues. 0 record(s) recovered
2024-10-19 23:27:30.396642+00:00 [notice] <0.323.0> WAL: ra_log_wal init, open tbls: ra_log_open_mem_tables, closed tbls: ra_log_closed_mem_tables
2024-10-19 23:27:30.407314+00:00 [info] <0.230.0> ra: starting system coordination
2024-10-19 23:27:30.407384+00:00 [info] <0.230.0> starting Ra system: coordination in directory: /var/lib/rabbitmq/mnesia/rabbit@74bb1f07e97c/coordination/rabbit@74bb1f07e97c
2024-10-19 23:27:30.411942+00:00 [info] <0.330.0> ra system 'coordination' running pre init for 0 registered servers
2024-10-19 23:27:30.412975+00:00 [info] <0.331.0> ra: meta data store initialised for system coordination. 0 record(s) recovered
2024-10-19 23:27:30.413111+00:00 [notice] <0.336.0> WAL: ra_coordination_log_wal init, open tbls: ra_coordination_log_open_mem_tables, closed tbls: ra_coordination_log_closed_mem_tables
2024-10-19 23:27:30.416377+00:00 [info] <0.230.0> 
2024-10-19 23:27:30.416377+00:00 [info] <0.230.0>  Starting RabbitMQ 3.12.12 on Erlang 25.3.2.8 [jit]
2024-10-19 23:27:30.416377+00:00 [info] <0.230.0>  Copyright (c) 2007-2023 Broadcom Inc and/or its subsidiaries
2024-10-19 23:27:30.416377+00:00 [info] <0.230.0>  Licensed under the MPL 2.0. Website: https://rabbitmq.com
2024-10-19 23:27:30.417313+00:00 [info] <0.230.0> 
2024-10-19 23:27:30.417313+00:00 [info] <0.230.0>  node           : rabbit@74bb1f07e97c
2024-10-19 23:27:30.417313+00:00 [info] <0.230.0>  home dir       : /var/lib/rabbitmq
2024-10-19 23:27:30.417313+00:00 [info] <0.230.0>  config file(s) : (none)
2024-10-19 23:27:30.417313+00:00 [info] <0.230.0>  cookie hash    : wT94PbAq/az5OHec4QxVag==
2024-10-19 23:27:30.417313+00:00 [info] <0.230.0>  log(s)         : /var/log/rabbitmq/rabbit@74bb1f07e97c.log
2024-10-19 23:27:30.417313+00:00 [info] <0.230.0>                 : <stdout>
2024-10-19 23:27:30.417313+00:00 [info] <0.230.0>  data dir       : /var/lib/rabbitmq/mnesia/rabbit@74bb1f07e97c
2024-10-19 23:27:32.133105+00:00 [info] <0.230.0> Running boot step pre_boot defined by app rabbit
2024-10-19 23:27:32.133177+00:00 [info] <0.230.0> Running boot step rabbit_global_counters defined by app rabbit
2024-10-19 23:27:32.133329+00:00 [info] <0.230.0> Running boot step rabbit_osiris_metrics defined by app rabbit
2024-10-19 23:27:32.133386+00:00 [info] <0.230.0> Running boot step rabbit_core_metrics defined by app rabbit
2024-10-19 23:27:32.134147+00:00 [info] <0.230.0> Running boot step rabbit_alarm defined by app rabbit
2024-10-19 23:27:32.135967+00:00 [info] <0.354.0> Memory high watermark set to 3135 MiB (3287814963 bytes) of 7838 MiB (8219537408 bytes) total
2024-10-19 23:27:32.138037+00:00 [info] <0.356.0> Enabling free disk space monitoring (disk free space: 332530159616, total memory: 8219537408)
2024-10-19 23:27:32.138081+00:00 [info] <0.356.0> Disk free limit set to 50MB
2024-10-19 23:27:32.139508+00:00 [info] <0.230.0> Running boot step code_server_cache defined by app rabbit
2024-10-19 23:27:32.139662+00:00 [info] <0.230.0> Running boot step file_handle_cache defined by app rabbit
2024-10-19 23:27:32.139787+00:00 [info] <0.359.0> Limiting to approx 1048479 file handles (943629 sockets)
2024-10-19 23:27:32.139835+00:00 [info] <0.360.0> FHC read buffering: OFF
2024-10-19 23:27:32.139852+00:00 [info] <0.360.0> FHC write buffering: ON
2024-10-19 23:27:32.140124+00:00 [info] <0.230.0> Running boot step worker_pool defined by app rabbit
2024-10-19 23:27:32.140150+00:00 [info] <0.338.0> Will use 10 processes for default worker pool
2024-10-19 23:27:32.140168+00:00 [info] <0.338.0> Starting worker pool 'worker_pool' with 10 processes in it
2024-10-19 23:27:32.140472+00:00 [info] <0.230.0> Running boot step database defined by app rabbit
2024-10-19 23:27:32.143164+00:00 [info] <0.230.0> Waiting for Mnesia tables for 30000 ms, 9 retries left
2024-10-19 23:27:32.143374+00:00 [info] <0.230.0> Successfully synced tables from a peer
2024-10-19 23:27:32.148853+00:00 [info] <0.230.0> Waiting for Mnesia tables for 30000 ms, 9 retries left
2024-10-19 23:27:32.148993+00:00 [info] <0.230.0> Successfully synced tables from a peer
2024-10-19 23:27:32.149013+00:00 [info] <0.230.0> Peer discovery backend rabbit_peer_discovery_classic_config does not support registration, skipping registration.
2024-10-19 23:27:32.149120+00:00 [info] <0.230.0> Running boot step tracking_metadata_store defined by app rabbit
2024-10-19 23:27:32.149183+00:00 [info] <0.380.0> Setting up a table for connection tracking on this node: tracked_connection
2024-10-19 23:27:32.149211+00:00 [info] <0.380.0> Setting up a table for per-vhost connection counting on this node: tracked_connection_per_vhost
2024-10-19 23:27:32.149256+00:00 [info] <0.380.0> Setting up a table for per-user connection counting on this node: tracked_connection_per_user
2024-10-19 23:27:32.149282+00:00 [info] <0.380.0> Setting up a table for channel tracking on this node: tracked_channel
2024-10-19 23:27:32.149313+00:00 [info] <0.380.0> Setting up a table for channel tracking on this node: tracked_channel_per_user
2024-10-19 23:27:32.149351+00:00 [info] <0.230.0> Running boot step networking_metadata_store defined by app rabbit
2024-10-19 23:27:32.149379+00:00 [info] <0.230.0> Running boot step feature_flags defined by app rabbit
2024-10-19 23:27:32.149466+00:00 [info] <0.230.0> Running boot step codec_correctness_check defined by app rabbit
2024-10-19 23:27:32.149530+00:00 [info] <0.230.0> Running boot step external_infrastructure defined by app rabbit
2024-10-19 23:27:32.149594+00:00 [info] <0.230.0> Running boot step rabbit_event defined by app rabbit
2024-10-19 23:27:32.149747+00:00 [info] <0.230.0> Running boot step rabbit_registry defined by app rabbit
2024-10-19 23:27:32.149851+00:00 [info] <0.230.0> Running boot step rabbit_auth_mechanism_amqplain defined by app rabbit
2024-10-19 23:27:32.149907+00:00 [info] <0.230.0> Running boot step rabbit_auth_mechanism_cr_demo defined by app rabbit
2024-10-19 23:27:32.149941+00:00 [info] <0.230.0> Running boot step rabbit_auth_mechanism_plain defined by app rabbit
2024-10-19 23:27:32.150188+00:00 [info] <0.230.0> Running boot step rabbit_exchange_type_direct defined by app rabbit
2024-10-19 23:27:32.150226+00:00 [info] <0.230.0> Running boot step rabbit_exchange_type_fanout defined by app rabbit
2024-10-19 23:27:32.150248+00:00 [info] <0.230.0> Running boot step rabbit_exchange_type_headers defined by app rabbit
2024-10-19 23:27:32.150268+00:00 [info] <0.230.0> Running boot step rabbit_exchange_type_topic defined by app rabbit
2024-10-19 23:27:32.150287+00:00 [info] <0.230.0> Running boot step rabbit_mirror_queue_mode_all defined by app rabbit
2024-10-19 23:27:32.150314+00:00 [info] <0.230.0> Running boot step rabbit_mirror_queue_mode_exactly defined by app rabbit
2024-10-19 23:27:32.150381+00:00 [info] <0.230.0> Running boot step rabbit_mirror_queue_mode_nodes defined by app rabbit
2024-10-19 23:27:32.150486+00:00 [info] <0.230.0> Running boot step rabbit_priority_queue defined by app rabbit
2024-10-19 23:27:32.150555+00:00 [info] <0.230.0> Priority queues enabled, real BQ is rabbit_variable_queue
2024-10-19 23:27:32.150637+00:00 [info] <0.230.0> Running boot step rabbit_queue_location_client_local defined by app rabbit
2024-10-19 23:27:32.150680+00:00 [info] <0.230.0> Running boot step rabbit_queue_location_min_masters defined by app rabbit
2024-10-19 23:27:32.150704+00:00 [info] <0.230.0> Running boot step rabbit_queue_location_random defined by app rabbit
2024-10-19 23:27:32.150724+00:00 [info] <0.230.0> Running boot step kernel_ready defined by app rabbit
2024-10-19 23:27:32.150740+00:00 [info] <0.230.0> Running boot step rabbit_sysmon_minder defined by app rabbit
2024-10-19 23:27:32.150837+00:00 [info] <0.230.0> Running boot step rabbit_epmd_monitor defined by app rabbit
2024-10-19 23:27:32.151593+00:00 [info] <0.388.0> epmd monitor knows us, inter-node communication (distribution) port: 25672
2024-10-19 23:27:32.151671+00:00 [info] <0.230.0> Running boot step guid_generator defined by app rabbit
2024-10-19 23:27:32.153909+00:00 [info] <0.230.0> Running boot step rabbit_node_monitor defined by app rabbit
2024-10-19 23:27:32.154126+00:00 [info] <0.392.0> Starting rabbit_node_monitor (in ignore mode)
2024-10-19 23:27:32.154205+00:00 [info] <0.230.0> Running boot step delegate_sup defined by app rabbit
2024-10-19 23:27:32.154496+00:00 [info] <0.230.0> Running boot step rabbit_memory_monitor defined by app rabbit
2024-10-19 23:27:32.154601+00:00 [info] <0.230.0> Running boot step rabbit_fifo_dlx_sup defined by app rabbit
2024-10-19 23:27:32.154649+00:00 [info] <0.230.0> Running boot step core_initialized defined by app rabbit
2024-10-19 23:27:32.154672+00:00 [info] <0.230.0> Running boot step rabbit_channel_tracking_handler defined by app rabbit
2024-10-19 23:27:32.154712+00:00 [info] <0.230.0> Running boot step rabbit_connection_tracking_handler defined by app rabbit
2024-10-19 23:27:32.154729+00:00 [info] <0.230.0> Running boot step rabbit_definitions_hashing defined by app rabbit
2024-10-19 23:27:32.154773+00:00 [info] <0.230.0> Running boot step rabbit_exchange_parameters defined by app rabbit
2024-10-19 23:27:32.154942+00:00 [info] <0.230.0> Running boot step rabbit_mirror_queue_misc defined by app rabbit
2024-10-19 23:27:32.155087+00:00 [info] <0.230.0> Running boot step rabbit_policies defined by app rabbit
2024-10-19 23:27:32.155315+00:00 [info] <0.230.0> Running boot step rabbit_policy defined by app rabbit
2024-10-19 23:27:32.155354+00:00 [info] <0.230.0> Running boot step rabbit_queue_location_validator defined by app rabbit
2024-10-19 23:27:32.155406+00:00 [info] <0.230.0> Running boot step rabbit_quorum_memory_manager defined by app rabbit
2024-10-19 23:27:32.155448+00:00 [info] <0.230.0> Running boot step rabbit_stream_coordinator defined by app rabbit
2024-10-19 23:27:32.155595+00:00 [info] <0.230.0> Running boot step rabbit_vhost_limit defined by app rabbit
2024-10-19 23:27:32.155640+00:00 [info] <0.230.0> Running boot step recovery defined by app rabbit
2024-10-19 23:27:32.156053+00:00 [info] <0.424.0> Making sure data directory '/var/lib/rabbitmq/mnesia/rabbit@74bb1f07e97c/msg_stores/vhosts/628WB79CIFDYO9LJI6DKMI09L' for vhost '/' exists
2024-10-19 23:27:32.159831+00:00 [info] <0.424.0> Starting message stores for vhost '/'
2024-10-19 23:27:32.160078+00:00 [info] <0.434.0> Message store "628WB79CIFDYO9LJI6DKMI09L/msg_store_transient": using rabbit_msg_store_ets_index to provide index
2024-10-19 23:27:32.164916+00:00 [info] <0.424.0> Started message store of type transient for vhost '/'
2024-10-19 23:27:32.165101+00:00 [info] <0.438.0> Message store "628WB79CIFDYO9LJI6DKMI09L/msg_store_persistent": using rabbit_msg_store_ets_index to provide index
2024-10-19 23:27:32.166221+00:00 [warning] <0.438.0> Message store "628WB79CIFDYO9LJI6DKMI09L/msg_store_persistent": rebuilding indices from scratch
2024-10-19 23:27:32.170698+00:00 [info] <0.424.0> Started message store of type persistent for vhost '/'
2024-10-19 23:27:32.170873+00:00 [info] <0.424.0> Recovering 0 queues of type rabbit_classic_queue took 13ms
2024-10-19 23:27:32.170895+00:00 [info] <0.424.0> Recovering 0 queues of type rabbit_quorum_queue took 0ms
2024-10-19 23:27:32.170914+00:00 [info] <0.424.0> Recovering 0 queues of type rabbit_stream_queue took 0ms
2024-10-19 23:27:32.171866+00:00 [info] <0.230.0> Running boot step empty_db_check defined by app rabbit
2024-10-19 23:27:32.171917+00:00 [info] <0.230.0> Will not seed default virtual host and user: have definitions to load...
2024-10-19 23:27:32.171978+00:00 [info] <0.230.0> Running boot step rabbit_observer_cli defined by app rabbit
2024-10-19 23:27:32.172042+00:00 [info] <0.230.0> Running boot step rabbit_looking_glass defined by app rabbit
2024-10-19 23:27:32.172057+00:00 [info] <0.230.0> Running boot step rabbit_core_metrics_gc defined by app rabbit
2024-10-19 23:27:32.172151+00:00 [info] <0.230.0> Running boot step background_gc defined by app rabbit
2024-10-19 23:27:32.172212+00:00 [info] <0.230.0> Running boot step routing_ready defined by app rabbit
2024-10-19 23:27:32.172223+00:00 [info] <0.230.0> Running boot step pre_flight defined by app rabbit
2024-10-19 23:27:32.172254+00:00 [info] <0.230.0> Running boot step notify_cluster defined by app rabbit
2024-10-19 23:27:32.172295+00:00 [info] <0.230.0> Running boot step networking defined by app rabbit
2024-10-19 23:27:32.172403+00:00 [info] <0.230.0> Running boot step definition_import_worker_pool defined by app rabbit
2024-10-19 23:27:32.172462+00:00 [info] <0.338.0> Starting worker pool 'definition_import_pool' with 10 processes in it
2024-10-19 23:27:32.172678+00:00 [info] <0.230.0> Running boot step cluster_name defined by app rabbit
2024-10-19 23:27:32.172699+00:00 [info] <0.230.0> Running boot step direct_client defined by app rabbit
2024-10-19 23:27:32.172765+00:00 [info] <0.230.0> Running boot step rabbit_maintenance_mode_state defined by app rabbit
2024-10-19 23:27:32.172778+00:00 [info] <0.230.0> Creating table rabbit_node_maintenance_states for maintenance mode status
2024-10-19 23:27:32.173017+00:00 [info] <0.483.0> Resetting node maintenance status
2024-10-19 23:27:32.173171+00:00 [info] <0.483.0> Ready to start client connection listeners
2024-10-19 23:27:32.175204+00:00 [info] <0.501.0> started TCP listener on [::]:5672
2024-10-19 23:27:32.246335+00:00 [info] <0.483.0> Server startup complete; 0 plugins started.
2024-10-19 23:27:32.374239+00:00 [info] <0.9.0> Time to start RabbitMQ: 4770212 us
2024-10-19 23:27:59.818328+00:00 [notice] <0.230.0> Logging: configured log handlers are now ACTIVE
2024-10-19 23:28:00.098767+00:00 [info] <0.230.0> ra: starting system quorum_queues
2024-10-19 23:28:00.098848+00:00 [info] <0.230.0> starting Ra system: quorum_queues in directory: /var/lib/rabbitmq/mnesia/rabbit@74bb1f07e97c/quorum/rabbit@74bb1f07e97c
2024-10-19 23:28:00.120655+00:00 [info] <0.317.0> ra system 'quorum_queues' running pre init for 0 registered servers
2024-10-19 23:28:00.130242+00:00 [info] <0.318.0> ra: meta data store initialised for system quorum_queues. 0 record(s) recovered
2024-10-19 23:28:00.144986+00:00 [notice] <0.323.0> WAL: ra_log_wal init, open tbls: ra_log_open_mem_tables, closed tbls: ra_log_closed_mem_tables
2024-10-19 23:28:00.155548+00:00 [info] <0.230.0> ra: starting system coordination
2024-10-19 23:28:00.155618+00:00 [info] <0.230.0> starting Ra system: coordination in directory: /var/lib/rabbitmq/mnesia/rabbit@74bb1f07e97c/coordination/rabbit@74bb1f07e97c
2024-10-19 23:28:00.156953+00:00 [info] <0.330.0> ra system 'coordination' running pre init for 0 registered servers
2024-10-19 23:28:00.157858+00:00 [info] <0.331.0> ra: meta data store initialised for system coordination. 0 record(s) recovered
2024-10-19 23:28:00.157964+00:00 [notice] <0.336.0> WAL: ra_coordination_log_wal init, open tbls: ra_coordination_log_open_mem_tables, closed tbls: ra_coordination_log_closed_mem_tables
2024-10-19 23:28:00.161542+00:00 [info] <0.230.0> 
2024-10-19 23:28:00.161542+00:00 [info] <0.230.0>  Starting RabbitMQ 3.12.12 on Erlang 25.3.2.8 [jit]
2024-10-19 23:28:00.161542+00:00 [info] <0.230.0>  Copyright (c) 2007-2023 Broadcom Inc and/or its subsidiaries
2024-10-19 23:28:00.161542+00:00 [info] <0.230.0>  Licensed under the MPL 2.0. Website: https://rabbitmq.com
2024-10-19 23:28:00.162525+00:00 [info] <0.230.0> 
2024-10-19 23:28:00.162525+00:00 [info] <0.230.0>  node           : rabbit@74bb1f07e97c
2024-10-19 23:28:00.162525+00:00 [info] <0.230.0>  home dir       : /var/lib/rabbitmq
2024-10-19 23:28:00.162525+00:00 [info] <0.230.0>  config file(s) : (none)
2024-10-19 23:28:00.162525+00:00 [info] <0.230.0>  cookie hash    : wT94PbAq/az5OHec4QxVag==
2024-10-19 23:28:00.162525+00:00 [info] <0.230.0>  log(s)         : /var/log/rabbitmq/rabbit@74bb1f07e97c.log
2024-10-19 23:28:00.162525+00:00 [info] <0.230.0>                 : <stdout>
2024-10-19 23:28:00.162525+00:00 [info] <0.230.0>  data dir       : /var/lib/rabbitmq/mnesia/rabbit@74bb1f07e97c
2024-10-19 23:28:01.608133+00:00 [info] <0.230.0> Running boot step pre_boot defined by app rabbit
2024-10-19 23:28:01.608202+00:00 [info] <0.230.0> Running boot step rabbit_global_counters defined by app rabbit
2024-10-19 23:28:01.608383+00:00 [info] <0.230.0> Running boot step rabbit_osiris_metrics defined by app rabbit
2024-10-19 23:28:01.608526+00:00 [info] <0.230.0> Running boot step rabbit_core_metrics defined by app rabbit
2024-10-19 23:28:01.609308+00:00 [info] <0.230.0> Running boot step rabbit_alarm defined by app rabbit
2024-10-19 23:28:01.611021+00:00 [info] <0.354.0> Memory high watermark set to 3135 MiB (3287814963 bytes) of 7838 MiB (8219537408 bytes) total
2024-10-19 23:28:01.612885+00:00 [info] <0.356.0> Enabling free disk space monitoring (disk free space: 332804374528, total memory: 8219537408)
2024-10-19 23:28:01.612931+00:00 [info] <0.356.0> Disk free limit set to 50MB
2024-10-19 23:28:01.614104+00:00 [info] <0.230.0> Running boot step code_server_cache defined by app rabbit
2024-10-19 23:28:01.614240+00:00 [info] <0.230.0> Running boot step file_handle_cache defined by app rabbit
2024-10-19 23:28:01.614348+00:00 [info] <0.359.0> Limiting to approx 1048479 file handles (943629 sockets)
2024-10-19 23:28:01.614399+00:00 [info] <0.360.0> FHC read buffering: OFF
2024-10-19 23:28:01.614416+00:00 [info] <0.360.0> FHC write buffering: ON
2024-10-19 23:28:01.614630+00:00 [info] <0.230.0> Running boot step worker_pool defined by app rabbit
2024-10-19 23:28:01.614653+00:00 [info] <0.338.0> Will use 10 processes for default worker pool
2024-10-19 23:28:01.614670+00:00 [info] <0.338.0> Starting worker pool 'worker_pool' with 10 processes in it
2024-10-19 23:28:01.614945+00:00 [info] <0.230.0> Running boot step database defined by app rabbit
2024-10-19 23:28:01.617607+00:00 [info] <0.230.0> Waiting for Mnesia tables for 30000 ms, 9 retries left
2024-10-19 23:28:01.617872+00:00 [info] <0.230.0> Successfully synced tables from a peer
2024-10-19 23:28:01.620264+00:00 [info] <0.230.0> Waiting for Mnesia tables for 30000 ms, 9 retries left
2024-10-19 23:28:01.620378+00:00 [info] <0.230.0> Successfully synced tables from a peer
2024-10-19 23:28:01.620411+00:00 [info] <0.230.0> Peer discovery backend rabbit_peer_discovery_classic_config does not support registration, skipping registration.
2024-10-19 23:28:01.620506+00:00 [info] <0.230.0> Running boot step tracking_metadata_store defined by app rabbit
2024-10-19 23:28:01.620557+00:00 [info] <0.380.0> Setting up a table for connection tracking on this node: tracked_connection
2024-10-19 23:28:01.620601+00:00 [info] <0.380.0> Setting up a table for per-vhost connection counting on this node: tracked_connection_per_vhost
2024-10-19 23:28:01.620653+00:00 [info] <0.380.0> Setting up a table for per-user connection counting on this node: tracked_connection_per_user
2024-10-19 23:28:01.620680+00:00 [info] <0.380.0> Setting up a table for channel tracking on this node: tracked_channel
2024-10-19 23:28:01.620735+00:00 [info] <0.380.0> Setting up a table for channel tracking on this node: tracked_channel_per_user
2024-10-19 23:28:01.620814+00:00 [info] <0.230.0> Running boot step networking_metadata_store defined by app rabbit
2024-10-19 23:28:01.620848+00:00 [info] <0.230.0> Running boot step feature_flags defined by app rabbit
2024-10-19 23:28:01.620923+00:00 [info] <0.230.0> Running boot step codec_correctness_check defined by app rabbit
2024-10-19 23:28:01.620940+00:00 [info] <0.230.0> Running boot step external_infrastructure defined by app rabbit
2024-10-19 23:28:01.620965+00:00 [info] <0.230.0> Running boot step rabbit_event defined by app rabbit
2024-10-19 23:28:01.621029+00:00 [info] <0.230.0> Running boot step rabbit_registry defined by app rabbit
2024-10-19 23:28:01.621061+00:00 [info] <0.230.0> Running boot step rabbit_auth_mechanism_amqplain defined by app rabbit
2024-10-19 23:28:01.621100+00:00 [info] <0.230.0> Running boot step rabbit_auth_mechanism_cr_demo defined by app rabbit
2024-10-19 23:28:01.621174+00:00 [info] <0.230.0> Running boot step rabbit_auth_mechanism_plain defined by app rabbit
2024-10-19 23:28:01.621211+00:00 [info] <0.230.0> Running boot step rabbit_exchange_type_direct defined by app rabbit
2024-10-19 23:28:01.621265+00:00 [info] <0.230.0> Running boot step rabbit_exchange_type_fanout defined by app rabbit
2024-10-19 23:28:01.621303+00:00 [info] <0.230.0> Running boot step rabbit_exchange_type_headers defined by app rabbit
2024-10-19 23:28:01.621338+00:00 [info] <0.230.0> Running boot step rabbit_exchange_type_topic defined by app rabbit
2024-10-19 23:28:01.621379+00:00 [info] <0.230.0> Running boot step rabbit_mirror_queue_mode_all defined by app rabbit
2024-10-19 23:28:01.621423+00:00 [info] <0.230.0> Running boot step rabbit_mirror_queue_mode_exactly defined by app rabbit
2024-10-19 23:28:01.621469+00:00 [info] <0.230.0> Running boot step rabbit_mirror_queue_mode_nodes defined by app rabbit
2024-10-19 23:28:01.621500+00:00 [info] <0.230.0> Running boot step rabbit_priority_queue defined by app rabbit
2024-10-19 23:28:01.621513+00:00 [info] <0.230.0> Priority queues enabled, real BQ is rabbit_variable_queue
2024-10-19 23:28:01.621559+00:00 [info] <0.230.0> Running boot step rabbit_queue_location_client_local defined by app rabbit
2024-10-19 23:28:01.621590+00:00 [info] <0.230.0> Running boot step rabbit_queue_location_min_masters defined by app rabbit
2024-10-19 23:28:01.621619+00:00 [info] <0.230.0> Running boot step rabbit_queue_location_random defined by app rabbit
2024-10-19 23:28:01.621647+00:00 [info] <0.230.0> Running boot step kernel_ready defined by app rabbit
2024-10-19 23:28:01.621662+00:00 [info] <0.230.0> Running boot step rabbit_sysmon_minder defined by app rabbit
2024-10-19 23:28:01.621739+00:00 [info] <0.230.0> Running boot step rabbit_epmd_monitor defined by app rabbit
2024-10-19 23:28:01.622352+00:00 [info] <0.388.0> epmd monitor knows us, inter-node communication (distribution) port: 25672
2024-10-19 23:28:01.622420+00:00 [info] <0.230.0> Running boot step guid_generator defined by app rabbit
2024-10-19 23:28:01.623832+00:00 [info] <0.230.0> Running boot step rabbit_node_monitor defined by app rabbit
2024-10-19 23:28:01.624009+00:00 [info] <0.392.0> Starting rabbit_node_monitor (in ignore mode)
2024-10-19 23:28:01.624082+00:00 [info] <0.230.0> Running boot step delegate_sup defined by app rabbit
2024-10-19 23:28:01.624299+00:00 [info] <0.230.0> Running boot step rabbit_memory_monitor defined by app rabbit
2024-10-19 23:28:01.624440+00:00 [info] <0.230.0> Running boot step rabbit_fifo_dlx_sup defined by app rabbit
2024-10-19 23:28:01.624526+00:00 [info] <0.230.0> Running boot step core_initialized defined by app rabbit
2024-10-19 23:28:01.624556+00:00 [info] <0.230.0> Running boot step rabbit_channel_tracking_handler defined by app rabbit
2024-10-19 23:28:01.624590+00:00 [info] <0.230.0> Running boot step rabbit_connection_tracking_handler defined by app rabbit
2024-10-19 23:28:01.624606+00:00 [info] <0.230.0> Running boot step rabbit_definitions_hashing defined by app rabbit
2024-10-19 23:28:01.624654+00:00 [info] <0.230.0> Running boot step rabbit_exchange_parameters defined by app rabbit
2024-10-19 23:28:01.624853+00:00 [info] <0.230.0> Running boot step rabbit_mirror_queue_misc defined by app rabbit
2024-10-19 23:28:01.624956+00:00 [info] <0.230.0> Running boot step rabbit_policies defined by app rabbit
2024-10-19 23:28:01.625125+00:00 [info] <0.230.0> Running boot step rabbit_policy defined by app rabbit
2024-10-19 23:28:01.625147+00:00 [info] <0.230.0> Running boot step rabbit_queue_location_validator defined by app rabbit
2024-10-19 23:28:01.625168+00:00 [info] <0.230.0> Running boot step rabbit_quorum_memory_manager defined by app rabbit
2024-10-19 23:28:01.625196+00:00 [info] <0.230.0> Running boot step rabbit_stream_coordinator defined by app rabbit
2024-10-19 23:28:01.625260+00:00 [info] <0.230.0> Running boot step rabbit_vhost_limit defined by app rabbit
2024-10-19 23:28:01.625331+00:00 [info] <0.230.0> Running boot step recovery defined by app rabbit
2024-10-19 23:28:01.625888+00:00 [info] <0.424.0> Making sure data directory '/var/lib/rabbitmq/mnesia/rabbit@74bb1f07e97c/msg_stores/vhosts/628WB79CIFDYO9LJI6DKMI09L' for vhost '/' exists
2024-10-19 23:28:01.628542+00:00 [info] <0.424.0> Starting message stores for vhost '/'
2024-10-19 23:28:01.628808+00:00 [info] <0.434.0> Message store "628WB79CIFDYO9LJI6DKMI09L/msg_store_transient": using rabbit_msg_store_ets_index to provide index
2024-10-19 23:28:01.632503+00:00 [info] <0.424.0> Started message store of type transient for vhost '/'
2024-10-19 23:28:01.632662+00:00 [info] <0.438.0> Message store "628WB79CIFDYO9LJI6DKMI09L/msg_store_persistent": using rabbit_msg_store_ets_index to provide index
2024-10-19 23:28:01.635503+00:00 [info] <0.424.0> Started message store of type persistent for vhost '/'
2024-10-19 23:28:01.635609+00:00 [info] <0.424.0> Recovering 0 queues of type rabbit_classic_queue took 8ms
2024-10-19 23:28:01.635640+00:00 [info] <0.424.0> Recovering 0 queues of type rabbit_quorum_queue took 0ms
2024-10-19 23:28:01.635661+00:00 [info] <0.424.0> Recovering 0 queues of type rabbit_stream_queue took 0ms
2024-10-19 23:28:01.636595+00:00 [info] <0.230.0> Running boot step empty_db_check defined by app rabbit
2024-10-19 23:28:01.636657+00:00 [info] <0.230.0> Will not seed default virtual host and user: have definitions to load...
2024-10-19 23:28:01.636691+00:00 [info] <0.230.0> Running boot step rabbit_observer_cli defined by app rabbit
2024-10-19 23:28:01.636749+00:00 [info] <0.230.0> Running boot step rabbit_looking_glass defined by app rabbit
2024-10-19 23:28:01.636772+00:00 [info] <0.230.0> Running boot step rabbit_core_metrics_gc defined by app rabbit
2024-10-19 23:28:01.636864+00:00 [info] <0.230.0> Running boot step background_gc defined by app rabbit
2024-10-19 23:28:01.636961+00:00 [info] <0.230.0> Running boot step routing_ready defined by app rabbit
2024-10-19 23:28:01.636973+00:00 [info] <0.230.0> Running boot step pre_flight defined by app rabbit
2024-10-19 23:28:01.637005+00:00 [info] <0.230.0> Running boot step notify_cluster defined by app rabbit
2024-10-19 23:28:01.637087+00:00 [info] <0.230.0> Running boot step networking defined by app rabbit
2024-10-19 23:28:01.637141+00:00 [info] <0.230.0> Running boot step definition_import_worker_pool defined by app rabbit
2024-10-19 23:28:01.637213+00:00 [info] <0.338.0> Starting worker pool 'definition_import_pool' with 10 processes in it
2024-10-19 23:28:01.637653+00:00 [info] <0.230.0> Running boot step cluster_name defined by app rabbit
2024-10-19 23:28:01.637676+00:00 [info] <0.230.0> Running boot step direct_client defined by app rabbit
2024-10-19 23:28:01.637754+00:00 [info] <0.230.0> Running boot step rabbit_maintenance_mode_state defined by app rabbit
2024-10-19 23:28:01.637791+00:00 [info] <0.230.0> Creating table rabbit_node_maintenance_states for maintenance mode status
2024-10-19 23:28:01.638083+00:00 [info] <0.482.0> Resetting node maintenance status
2024-10-19 23:28:01.638152+00:00 [info] <0.482.0> Ready to start client connection listeners
2024-10-19 23:28:01.639368+00:00 [info] <0.500.0> started TCP listener on [::]:5672
2024-10-19 23:28:01.669473+00:00 [info] <0.482.0> Server startup complete; 0 plugins started.
2024-10-19 23:28:01.838822+00:00 [info] <0.9.0> Time to start RabbitMQ: 4023945 us
2024-10-19 23:28:12.701589+00:00 [notice] <0.61.0> SIGTERM received - shutting down
2024-10-19 23:28:12.701589+00:00 [notice] <0.61.0> 
2024-10-19 23:28:12.705077+00:00 [info] <0.230.0> Peer discovery backend rabbit_peer_discovery_classic_config does not support registration, skipping unregistration.
2024-10-19 23:28:12.705655+00:00 [info] <0.500.0> stopped TCP listener on [::]:5672
2024-10-19 23:28:12.707766+00:00 [info] <0.501.0> Closing all connections in vhost '/' on node 'rabbit@74bb1f07e97c' because the vhost is stopping
2024-10-19 23:28:12.707858+00:00 [info] <0.438.0> Stopping message store for directory '/var/lib/rabbitmq/mnesia/rabbit@74bb1f07e97c/msg_stores/vhosts/628WB79CIFDYO9LJI6DKMI09L/msg_store_persistent'
2024-10-19 23:28:12.711171+00:00 [info] <0.438.0> Message store for directory '/var/lib/rabbitmq/mnesia/rabbit@74bb1f07e97c/msg_stores/vhosts/628WB79CIFDYO9LJI6DKMI09L/msg_store_persistent' is stopped
2024-10-19 23:28:12.711325+00:00 [info] <0.434.0> Stopping message store for directory '/var/lib/rabbitmq/mnesia/rabbit@74bb1f07e97c/msg_stores/vhosts/628WB79CIFDYO9LJI6DKMI09L/msg_store_transient'
2024-10-19 23:28:12.713796+00:00 [info] <0.434.0> Message store for directory '/var/lib/rabbitmq/mnesia/rabbit@74bb1f07e97c/msg_stores/vhosts/628WB79CIFDYO9LJI6DKMI09L/msg_store_transient' is stopped
